2025-06-02 14:27:29,076 [Worker-7: Loading available Gradle versions] INFO  o.e.b.c.i.u.g.PublishedGradleVersions - Gradle version information cache is not available. Remote download required.
2025-06-02 14:30:15,572 [Worker-6: Importing Maven projects] INFO  o.e.m.c.i.l.LifecycleMappingFactory - Using org.eclipse.m2e.jdt.JarLifecycleMapping lifecycle mapping for MavenProject: com.cdac:day17.1:0.0.1 @ E:\DAC\Notes\WJP\Day_17\day17-data\day17.1\pom.xml.
2025-06-02 14:30:18,086 [Worker-6: Importing Maven projects] INFO  o.e.m.j.i.AbstractJavaProjectConfigurator - Adding source folder /day17.1/src/main/java
2025-06-02 14:30:18,093 [Worker-6: Importing Maven projects] INFO  o.e.m.j.i.AbstractJavaProjectConfigurator - Adding resource folder /day17.1/src/main/resources
2025-06-02 14:30:18,095 [Worker-6: Importing Maven projects] INFO  o.e.m.j.i.AbstractJavaProjectConfigurator - Adding resource folder /day17.1/src/main/resources
2025-06-02 14:30:18,097 [Worker-6: Importing Maven projects] INFO  o.e.m.j.i.AbstractJavaProjectConfigurator - Adding source folder /day17.1/src/test/java
2025-06-02 14:30:18,099 [Worker-6: Importing Maven projects] INFO  o.e.m.j.i.AbstractJavaProjectConfigurator - Adding resource folder /day17.1/src/test/resources
2025-06-02 14:30:18,828 [Worker-6: Importing Maven projects] INFO  o.e.m.c.i.p.ProjectConfigurationManager - Imported and configured 1 project(s) in 4 sec
2025-06-02 14:30:19,311 [Worker-11: Updating Maven Project] INFO  o.e.m.c.i.p.ProjectConfigurationManager - Update started
2025-06-02 14:30:20,099 [Worker-11: Updating Maven Project] INFO  o.e.m.c.i.l.LifecycleMappingFactory - Using org.eclipse.m2e.jdt.JarLifecycleMapping lifecycle mapping for MavenProject: com.cdac:day17.1:0.0.1 @ E:\DAC\Notes\WJP\Day_17\day17-data\day17.1\pom.xml.
2025-06-02 14:30:21,672 [Worker-11: Updating Maven Project] INFO  o.e.m.j.i.AbstractJavaProjectConfigurator - Adding source folder /day17.1/src/main/java
2025-06-02 14:30:21,673 [Worker-11: Updating Maven Project] INFO  o.e.m.j.i.AbstractJavaProjectConfigurator - Adding resource folder /day17.1/src/main/resources
2025-06-02 14:30:21,674 [Worker-11: Updating Maven Project] INFO  o.e.m.j.i.AbstractJavaProjectConfigurator - Adding resource folder /day17.1/src/main/resources
2025-06-02 14:30:21,675 [Worker-11: Updating Maven Project] INFO  o.e.m.j.i.AbstractJavaProjectConfigurator - Adding source folder /day17.1/src/test/java
2025-06-02 14:30:21,675 [Worker-11: Updating Maven Project] INFO  o.e.m.j.i.AbstractJavaProjectConfigurator - Adding resource folder /day17.1/src/test/resources
2025-06-02 14:30:22,345 [Worker-11: Updating Maven Project] INFO  o.e.m.c.i.p.ProjectConfigurationManager - Update completed for 1 poms: local refresh takes 0.00 sec, refresh facades takes 2.00 sec, update config takes 0.00 sec 
2025-06-02 14:30:26,557 [Worker-4: Building] INFO  o.a.m.s.f.DefaultMavenResourcesFiltering - Copying 1 resource from src\main\resources to target\classes
2025-06-02 14:30:26,668 [Worker-4: Building] INFO  o.a.m.s.f.DefaultMavenResourcesFiltering - Copying 0 resource from src\main\resources to target\classes
2025-06-02 14:30:26,678 [Worker-4: Building] INFO  o.a.m.s.f.DefaultMavenResourcesFiltering - skip non existing resourceDirectory E:\DAC\Notes\WJP\Day_17\day17-data\day17.1\src\test\resources
2025-06-02 14:30:30,110 [Worker-3: Building] INFO  o.a.m.s.f.DefaultMavenResourcesFiltering - Copying 1 resource from src\main\resources to target\classes
2025-06-02 14:30:30,122 [Worker-3: Building] INFO  o.a.m.s.f.DefaultMavenResourcesFiltering - Copying 0 resource from src\main\resources to target\classes
2025-06-02 14:30:30,127 [Worker-3: Building] INFO  o.a.m.s.f.DefaultMavenResourcesFiltering - skip non existing resourceDirectory E:\DAC\Notes\WJP\Day_17\day17-data\day17.1\src\test\resources
2025-06-02 14:30:34,444 [Worker-11: Building] INFO  o.a.m.s.f.DefaultMavenResourcesFiltering - Copying 1 resource from src\main\resources to target\classes
2025-06-02 14:30:34,455 [Worker-11: Building] INFO  o.a.m.s.f.DefaultMavenResourcesFiltering - Copying 0 resource from src\main\resources to target\classes
2025-06-02 14:30:34,464 [Worker-11: Building] INFO  o.a.m.s.f.DefaultMavenResourcesFiltering - skip non existing resourceDirectory E:\DAC\Notes\WJP\Day_17\day17-data\day17.1\src\test\resources
2025-06-02 14:30:48,235 [Worker-1: Updating Maven Project] INFO  o.e.m.c.i.p.ProjectConfigurationManager - Update started
2025-06-02 14:30:48,763 [Worker-1: Updating Maven Project] INFO  o.e.m.c.i.l.LifecycleMappingFactory - Using org.eclipse.m2e.jdt.JarLifecycleMapping lifecycle mapping for MavenProject: com.cdac:day17.1:0.0.1 @ E:\DAC\Notes\WJP\Day_17\day17-data\day17.1\pom.xml.
2025-06-02 14:30:49,697 [Worker-1: Updating Maven Project] INFO  o.e.m.j.i.AbstractJavaProjectConfigurator - Adding source folder /day17.1/src/main/java
2025-06-02 14:30:49,697 [Worker-1: Updating Maven Project] INFO  o.e.m.j.i.AbstractJavaProjectConfigurator - Adding resource folder /day17.1/src/main/resources
2025-06-02 14:30:49,698 [Worker-1: Updating Maven Project] INFO  o.e.m.j.i.AbstractJavaProjectConfigurator - Adding resource folder /day17.1/src/main/resources
2025-06-02 14:30:49,698 [Worker-1: Updating Maven Project] INFO  o.e.m.j.i.AbstractJavaProjectConfigurator - Adding source folder /day17.1/src/test/java
2025-06-02 14:30:49,698 [Worker-1: Updating Maven Project] INFO  o.e.m.j.i.AbstractJavaProjectConfigurator - Adding resource folder /day17.1/src/test/resources
2025-06-02 14:30:50,106 [Worker-1: Updating Maven Project] INFO  o.e.m.c.i.p.ProjectConfigurationManager - Update completed for 1 poms: local refresh takes 0.00 sec, refresh facades takes 1.00 sec, update config takes 0.00 sec 
2025-06-02 14:30:50,702 [Worker-6: Building] INFO  o.a.m.s.f.DefaultMavenResourcesFiltering - Copying 1 resource from src\main\resources to target\classes
2025-06-02 14:30:50,733 [Worker-6: Building] INFO  o.a.m.s.f.DefaultMavenResourcesFiltering - Copying 0 resource from src\main\resources to target\classes
2025-06-02 14:30:50,739 [Worker-6: Building] INFO  o.a.m.s.f.DefaultMavenResourcesFiltering - skip non existing resourceDirectory E:\DAC\Notes\WJP\Day_17\day17-data\day17.1\src\test\resources
2025-06-02 14:31:45,160 [main] INFO  o.e.m2e.actions.ExecutePomAction - Creating new launch configuration
2025-06-02 14:31:53,950 [Worker-14: Launching day17.1] INFO  o.eclipse.m2e.core.internal.Bundles - getClasspathEntries(Bundle=org.eclipse.m2e.maven.runtime_3.9.900.20250220-2013 [361])
2025-06-02 14:31:53,953 [Worker-14: Launching day17.1] INFO  o.eclipse.m2e.core.internal.Bundles - 	Entry: E:\DAC\Notes\WJP\Required Files\sts-4.30.0.RELEASE\sts-4.30.0.RELEASE\plugins\org.eclipse.m2e.maven.runtime_3.9.900.20250220-2013
2025-06-02 14:31:53,953 [Worker-14: Launching day17.1] INFO  o.eclipse.m2e.core.internal.Bundles - 	Entry: E:\DAC\Notes\WJP\Required Files\sts-4.30.0.RELEASE\sts-4.30.0.RELEASE\plugins\org.eclipse.m2e.maven.runtime_3.9.900.20250220-2013\jars\aopalliance-1.0.jar
2025-06-02 14:31:53,953 [Worker-14: Launching day17.1] INFO  o.eclipse.m2e.core.internal.Bundles - 	Entry: E:\DAC\Notes\WJP\Required Files\sts-4.30.0.RELEASE\sts-4.30.0.RELEASE\plugins\org.eclipse.m2e.maven.runtime_3.9.900.20250220-2013\jars\guice-5.1.0.jar
2025-06-02 14:31:53,953 [Worker-14: Launching day17.1] INFO  o.eclipse.m2e.core.internal.Bundles - 	Entry: E:\DAC\Notes\WJP\Required Files\sts-4.30.0.RELEASE\sts-4.30.0.RELEASE\plugins\org.eclipse.m2e.maven.runtime_3.9.900.20250220-2013\jars\httpclient-4.5.14.jar
2025-06-02 14:31:53,954 [Worker-14: Launching day17.1] INFO  o.eclipse.m2e.core.internal.Bundles - 	Entry: E:\DAC\Notes\WJP\Required Files\sts-4.30.0.RELEASE\sts-4.30.0.RELEASE\plugins\org.eclipse.m2e.maven.runtime_3.9.900.20250220-2013\jars\httpcore-4.4.16.jar
2025-06-02 14:31:53,954 [Worker-14: Launching day17.1] INFO  o.eclipse.m2e.core.internal.Bundles - 	Entry: E:\DAC\Notes\WJP\Required Files\sts-4.30.0.RELEASE\sts-4.30.0.RELEASE\plugins\org.eclipse.m2e.maven.runtime_3.9.900.20250220-2013\jars\jansi-2.4.1.jar
2025-06-02 14:31:53,954 [Worker-14: Launching day17.1] INFO  o.eclipse.m2e.core.internal.Bundles - 	Entry: E:\DAC\Notes\WJP\Required Files\sts-4.30.0.RELEASE\sts-4.30.0.RELEASE\plugins\org.eclipse.m2e.maven.runtime_3.9.900.20250220-2013\jars\jcl-over-slf4j-1.7.36.jar
2025-06-02 14:31:53,954 [Worker-14: Launching day17.1] INFO  o.eclipse.m2e.core.internal.Bundles - 	Entry: E:\DAC\Notes\WJP\Required Files\sts-4.30.0.RELEASE\sts-4.30.0.RELEASE\plugins\org.eclipse.m2e.maven.runtime_3.9.900.20250220-2013\jars\maven-artifact-3.9.9.jar
2025-06-02 14:31:53,954 [Worker-14: Launching day17.1] INFO  o.eclipse.m2e.core.internal.Bundles - 	Entry: E:\DAC\Notes\WJP\Required Files\sts-4.30.0.RELEASE\sts-4.30.0.RELEASE\plugins\org.eclipse.m2e.maven.runtime_3.9.900.20250220-2013\jars\maven-builder-support-3.9.9.jar
2025-06-02 14:31:53,954 [Worker-14: Launching day17.1] INFO  o.eclipse.m2e.core.internal.Bundles - 	Entry: E:\DAC\Notes\WJP\Required Files\sts-4.30.0.RELEASE\sts-4.30.0.RELEASE\plugins\org.eclipse.m2e.maven.runtime_3.9.900.20250220-2013\jars\maven-compat-3.9.9.jar
2025-06-02 14:31:53,954 [Worker-14: Launching day17.1] INFO  o.eclipse.m2e.core.internal.Bundles - 	Entry: E:\DAC\Notes\WJP\Required Files\sts-4.30.0.RELEASE\sts-4.30.0.RELEASE\plugins\org.eclipse.m2e.maven.runtime_3.9.900.20250220-2013\jars\maven-core-3.9.9.jar
2025-06-02 14:31:53,954 [Worker-14: Launching day17.1] INFO  o.eclipse.m2e.core.internal.Bundles - 	Entry: E:\DAC\Notes\WJP\Required Files\sts-4.30.0.RELEASE\sts-4.30.0.RELEASE\plugins\org.eclipse.m2e.maven.runtime_3.9.900.20250220-2013\jars\maven-embedder-3.9.9.jar
2025-06-02 14:31:53,954 [Worker-14: Launching day17.1] INFO  o.eclipse.m2e.core.internal.Bundles - 	Entry: E:\DAC\Notes\WJP\Required Files\sts-4.30.0.RELEASE\sts-4.30.0.RELEASE\plugins\org.eclipse.m2e.maven.runtime_3.9.900.20250220-2013\jars\maven-model-3.9.9.jar
2025-06-02 14:31:53,954 [Worker-14: Launching day17.1] INFO  o.eclipse.m2e.core.internal.Bundles - 	Entry: E:\DAC\Notes\WJP\Required Files\sts-4.30.0.RELEASE\sts-4.30.0.RELEASE\plugins\org.eclipse.m2e.maven.runtime_3.9.900.20250220-2013\jars\maven-model-builder-3.9.9.jar
2025-06-02 14:31:53,955 [Worker-14: Launching day17.1] INFO  o.eclipse.m2e.core.internal.Bundles - 	Entry: E:\DAC\Notes\WJP\Required Files\sts-4.30.0.RELEASE\sts-4.30.0.RELEASE\plugins\org.eclipse.m2e.maven.runtime_3.9.900.20250220-2013\jars\maven-plugin-api-3.9.9.jar
2025-06-02 14:31:53,955 [Worker-14: Launching day17.1] INFO  o.eclipse.m2e.core.internal.Bundles - 	Entry: E:\DAC\Notes\WJP\Required Files\sts-4.30.0.RELEASE\sts-4.30.0.RELEASE\plugins\org.eclipse.m2e.maven.runtime_3.9.900.20250220-2013\jars\maven-repository-metadata-3.9.9.jar
2025-06-02 14:31:53,955 [Worker-14: Launching day17.1] INFO  o.eclipse.m2e.core.internal.Bundles - 	Entry: E:\DAC\Notes\WJP\Required Files\sts-4.30.0.RELEASE\sts-4.30.0.RELEASE\plugins\org.eclipse.m2e.maven.runtime_3.9.900.20250220-2013\jars\maven-resolver-api-1.9.22.jar
2025-06-02 14:31:53,955 [Worker-14: Launching day17.1] INFO  o.eclipse.m2e.core.internal.Bundles - 	Entry: E:\DAC\Notes\WJP\Required Files\sts-4.30.0.RELEASE\sts-4.30.0.RELEASE\plugins\org.eclipse.m2e.maven.runtime_3.9.900.20250220-2013\jars\maven-resolver-connector-basic-1.9.22.jar
2025-06-02 14:31:53,955 [Worker-14: Launching day17.1] INFO  o.eclipse.m2e.core.internal.Bundles - 	Entry: E:\DAC\Notes\WJP\Required Files\sts-4.30.0.RELEASE\sts-4.30.0.RELEASE\plugins\org.eclipse.m2e.maven.runtime_3.9.900.20250220-2013\jars\maven-resolver-impl-1.9.22.jar
2025-06-02 14:31:53,955 [Worker-14: Launching day17.1] INFO  o.eclipse.m2e.core.internal.Bundles - 	Entry: E:\DAC\Notes\WJP\Required Files\sts-4.30.0.RELEASE\sts-4.30.0.RELEASE\plugins\org.eclipse.m2e.maven.runtime_3.9.900.20250220-2013\jars\maven-resolver-named-locks-1.9.22.jar
2025-06-02 14:31:53,955 [Worker-14: Launching day17.1] INFO  o.eclipse.m2e.core.internal.Bundles - 	Entry: E:\DAC\Notes\WJP\Required Files\sts-4.30.0.RELEASE\sts-4.30.0.RELEASE\plugins\org.eclipse.m2e.maven.runtime_3.9.900.20250220-2013\jars\maven-resolver-provider-3.9.9.jar
2025-06-02 14:31:53,955 [Worker-14: Launching day17.1] INFO  o.eclipse.m2e.core.internal.Bundles - 	Entry: E:\DAC\Notes\WJP\Required Files\sts-4.30.0.RELEASE\sts-4.30.0.RELEASE\plugins\org.eclipse.m2e.maven.runtime_3.9.900.20250220-2013\jars\maven-resolver-spi-1.9.22.jar
2025-06-02 14:31:53,955 [Worker-14: Launching day17.1] INFO  o.eclipse.m2e.core.internal.Bundles - 	Entry: E:\DAC\Notes\WJP\Required Files\sts-4.30.0.RELEASE\sts-4.30.0.RELEASE\plugins\org.eclipse.m2e.maven.runtime_3.9.900.20250220-2013\jars\maven-resolver-transport-file-1.9.22.jar
2025-06-02 14:31:53,955 [Worker-14: Launching day17.1] INFO  o.eclipse.m2e.core.internal.Bundles - 	Entry: E:\DAC\Notes\WJP\Required Files\sts-4.30.0.RELEASE\sts-4.30.0.RELEASE\plugins\org.eclipse.m2e.maven.runtime_3.9.900.20250220-2013\jars\maven-resolver-transport-http-1.9.22.jar
2025-06-02 14:31:53,955 [Worker-14: Launching day17.1] INFO  o.eclipse.m2e.core.internal.Bundles - 	Entry: E:\DAC\Notes\WJP\Required Files\sts-4.30.0.RELEASE\sts-4.30.0.RELEASE\plugins\org.eclipse.m2e.maven.runtime_3.9.900.20250220-2013\jars\maven-resolver-transport-wagon-1.9.22.jar
2025-06-02 14:31:53,956 [Worker-14: Launching day17.1] INFO  o.eclipse.m2e.core.internal.Bundles - 	Entry: E:\DAC\Notes\WJP\Required Files\sts-4.30.0.RELEASE\sts-4.30.0.RELEASE\plugins\org.eclipse.m2e.maven.runtime_3.9.900.20250220-2013\jars\maven-resolver-util-1.9.22.jar
2025-06-02 14:31:53,956 [Worker-14: Launching day17.1] INFO  o.eclipse.m2e.core.internal.Bundles - 	Entry: E:\DAC\Notes\WJP\Required Files\sts-4.30.0.RELEASE\sts-4.30.0.RELEASE\plugins\org.eclipse.m2e.maven.runtime_3.9.900.20250220-2013\jars\maven-settings-3.9.9.jar
2025-06-02 14:31:53,956 [Worker-14: Launching day17.1] INFO  o.eclipse.m2e.core.internal.Bundles - 	Entry: E:\DAC\Notes\WJP\Required Files\sts-4.30.0.RELEASE\sts-4.30.0.RELEASE\plugins\org.eclipse.m2e.maven.runtime_3.9.900.20250220-2013\jars\maven-settings-builder-3.9.9.jar
2025-06-02 14:31:53,956 [Worker-14: Launching day17.1] INFO  o.eclipse.m2e.core.internal.Bundles - 	Entry: E:\DAC\Notes\WJP\Required Files\sts-4.30.0.RELEASE\sts-4.30.0.RELEASE\plugins\org.eclipse.m2e.maven.runtime_3.9.900.20250220-2013\jars\maven-shared-utils-3.4.2.jar
2025-06-02 14:31:53,956 [Worker-14: Launching day17.1] INFO  o.eclipse.m2e.core.internal.Bundles - 	Entry: E:\DAC\Notes\WJP\Required Files\sts-4.30.0.RELEASE\sts-4.30.0.RELEASE\plugins\org.eclipse.m2e.maven.runtime_3.9.900.20250220-2013\jars\org.eclipse.sisu.inject-0.9.0.M3.jar
2025-06-02 14:31:53,956 [Worker-14: Launching day17.1] INFO  o.eclipse.m2e.core.internal.Bundles - 	Entry: E:\DAC\Notes\WJP\Required Files\sts-4.30.0.RELEASE\sts-4.30.0.RELEASE\plugins\org.eclipse.m2e.maven.runtime_3.9.900.20250220-2013\jars\org.eclipse.sisu.plexus-0.9.0.M3.jar
2025-06-02 14:31:53,956 [Worker-14: Launching day17.1] INFO  o.eclipse.m2e.core.internal.Bundles - 	Entry: E:\DAC\Notes\WJP\Required Files\sts-4.30.0.RELEASE\sts-4.30.0.RELEASE\plugins\org.eclipse.m2e.maven.runtime_3.9.900.20250220-2013\jars\plexus-build-api-0.0.7.jar
2025-06-02 14:31:53,956 [Worker-14: Launching day17.1] INFO  o.eclipse.m2e.core.internal.Bundles - 	Entry: E:\DAC\Notes\WJP\Required Files\sts-4.30.0.RELEASE\sts-4.30.0.RELEASE\plugins\org.eclipse.m2e.maven.runtime_3.9.900.20250220-2013\jars\plexus-build-api-1.2.0.jar
2025-06-02 14:31:53,956 [Worker-14: Launching day17.1] INFO  o.eclipse.m2e.core.internal.Bundles - 	Entry: E:\DAC\Notes\WJP\Required Files\sts-4.30.0.RELEASE\sts-4.30.0.RELEASE\plugins\org.eclipse.m2e.maven.runtime_3.9.900.20250220-2013\jars\plexus-cipher-2.0.jar
2025-06-02 14:31:53,957 [Worker-14: Launching day17.1] INFO  o.eclipse.m2e.core.internal.Bundles - 	Entry: E:\DAC\Notes\WJP\Required Files\sts-4.30.0.RELEASE\sts-4.30.0.RELEASE\plugins\org.eclipse.m2e.maven.runtime_3.9.900.20250220-2013\jars\plexus-classworlds-2.8.0.jar
2025-06-02 14:31:53,957 [Worker-14: Launching day17.1] INFO  o.eclipse.m2e.core.internal.Bundles - 	Entry: E:\DAC\Notes\WJP\Required Files\sts-4.30.0.RELEASE\sts-4.30.0.RELEASE\plugins\org.eclipse.m2e.maven.runtime_3.9.900.20250220-2013\jars\plexus-component-annotations-2.1.0.jar
2025-06-02 14:31:53,957 [Worker-14: Launching day17.1] INFO  o.eclipse.m2e.core.internal.Bundles - 	Entry: E:\DAC\Notes\WJP\Required Files\sts-4.30.0.RELEASE\sts-4.30.0.RELEASE\plugins\org.eclipse.m2e.maven.runtime_3.9.900.20250220-2013\jars\plexus-interpolation-1.27.jar
2025-06-02 14:31:53,957 [Worker-14: Launching day17.1] INFO  o.eclipse.m2e.core.internal.Bundles - 	Entry: E:\DAC\Notes\WJP\Required Files\sts-4.30.0.RELEASE\sts-4.30.0.RELEASE\plugins\org.eclipse.m2e.maven.runtime_3.9.900.20250220-2013\jars\plexus-sec-dispatcher-2.0.jar
2025-06-02 14:31:53,957 [Worker-14: Launching day17.1] INFO  o.eclipse.m2e.core.internal.Bundles - 	Entry: E:\DAC\Notes\WJP\Required Files\sts-4.30.0.RELEASE\sts-4.30.0.RELEASE\plugins\org.eclipse.m2e.maven.runtime_3.9.900.20250220-2013\jars\plexus-utils-3.5.1.jar
2025-06-02 14:31:53,957 [Worker-14: Launching day17.1] INFO  o.eclipse.m2e.core.internal.Bundles - 	Entry: E:\DAC\Notes\WJP\Required Files\sts-4.30.0.RELEASE\sts-4.30.0.RELEASE\plugins\org.eclipse.m2e.maven.runtime_3.9.900.20250220-2013\jars\plexus-xml-3.0.1.jar
2025-06-02 14:31:53,957 [Worker-14: Launching day17.1] INFO  o.eclipse.m2e.core.internal.Bundles - 	Entry: E:\DAC\Notes\WJP\Required Files\sts-4.30.0.RELEASE\sts-4.30.0.RELEASE\plugins\org.eclipse.m2e.maven.runtime_3.9.900.20250220-2013\jars\wagon-file-3.5.3.jar
2025-06-02 14:31:53,959 [Worker-14: Launching day17.1] INFO  o.eclipse.m2e.core.internal.Bundles - 	Entry: E:\DAC\Notes\WJP\Required Files\sts-4.30.0.RELEASE\sts-4.30.0.RELEASE\plugins\org.eclipse.m2e.maven.runtime_3.9.900.20250220-2013\jars\wagon-http-3.5.3.jar
2025-06-02 14:31:53,959 [Worker-14: Launching day17.1] INFO  o.eclipse.m2e.core.internal.Bundles - 	Entry: E:\DAC\Notes\WJP\Required Files\sts-4.30.0.RELEASE\sts-4.30.0.RELEASE\plugins\org.eclipse.m2e.maven.runtime_3.9.900.20250220-2013\jars\wagon-http-shared-3.5.3.jar
2025-06-02 14:31:53,959 [Worker-14: Launching day17.1] INFO  o.eclipse.m2e.core.internal.Bundles - 	Entry: E:\DAC\Notes\WJP\Required Files\sts-4.30.0.RELEASE\sts-4.30.0.RELEASE\plugins\org.eclipse.m2e.maven.runtime_3.9.900.20250220-2013\jars\wagon-provider-api-3.5.3.jar
2025-06-02 14:31:53,960 [Worker-14: Launching day17.1] INFO  o.eclipse.m2e.core.internal.Bundles - getClasspathEntries(Bundle=com.google.guava_33.4.0.jre [29])
2025-06-02 14:31:53,961 [Worker-14: Launching day17.1] INFO  o.eclipse.m2e.core.internal.Bundles - 	Entry: E:\DAC\Notes\WJP\Required Files\sts-4.30.0.RELEASE\sts-4.30.0.RELEASE\plugins\com.google.guava_33.4.0.jre.jar
2025-06-02 14:31:53,961 [Worker-14: Launching day17.1] INFO  o.eclipse.m2e.core.internal.Bundles - getClasspathEntries(Bundle=slf4j.api_2.0.17 [608])
2025-06-02 14:31:53,962 [Worker-14: Launching day17.1] INFO  o.eclipse.m2e.core.internal.Bundles - 	Entry: E:\DAC\Notes\WJP\Required Files\sts-4.30.0.RELEASE\sts-4.30.0.RELEASE\plugins\slf4j.api_2.0.17.jar
2025-06-02 14:31:53,962 [Worker-14: Launching day17.1] INFO  o.eclipse.m2e.core.internal.Bundles - getClasspathEntries(Bundle=javax.inject_1.0.0.v20220405-0441 [759])
2025-06-02 14:31:53,963 [Worker-14: Launching day17.1] INFO  o.eclipse.m2e.core.internal.Bundles - 	Entry: E:\DAC\Notes\WJP\Required Files\sts-4.30.0.RELEASE\sts-4.30.0.RELEASE\plugins\javax.inject_1.0.0.v20220405-0441.jar
2025-06-02 14:31:53,963 [Worker-14: Launching day17.1] INFO  o.eclipse.m2e.core.internal.Bundles - getClasspathEntries(Bundle=javax.annotation_1.3.5.v20230504-0748 [758])
2025-06-02 14:31:53,964 [Worker-14: Launching day17.1] INFO  o.eclipse.m2e.core.internal.Bundles - 	Entry: E:\DAC\Notes\WJP\Required Files\sts-4.30.0.RELEASE\sts-4.30.0.RELEASE\plugins\javax.annotation_1.3.5.v20230504-0748.jar
2025-06-02 14:31:53,964 [Worker-14: Launching day17.1] INFO  o.eclipse.m2e.core.internal.Bundles - getClasspathEntries(Bundle=org.apache.commons.cli_1.9.0 [77])
2025-06-02 14:31:53,964 [Worker-14: Launching day17.1] INFO  o.eclipse.m2e.core.internal.Bundles - 	Entry: E:\DAC\Notes\WJP\Required Files\sts-4.30.0.RELEASE\sts-4.30.0.RELEASE\plugins\org.apache.commons.cli_1.9.0.jar
2025-06-02 14:31:53,965 [Worker-14: Launching day17.1] INFO  o.eclipse.m2e.core.internal.Bundles - getClasspathEntries(Bundle=org.apache.commons.commons-codec_1.16.0 [79])
2025-06-02 14:31:53,965 [Worker-14: Launching day17.1] INFO  o.eclipse.m2e.core.internal.Bundles - 	Entry: E:\DAC\Notes\WJP\Required Files\sts-4.30.0.RELEASE\sts-4.30.0.RELEASE\plugins\org.apache.commons.commons-codec_1.16.0.jar
2025-06-02 14:31:53,965 [Worker-14: Launching day17.1] INFO  o.eclipse.m2e.core.internal.Bundles - getClasspathEntries(Bundle=com.google.guava.failureaccess_1.0.2 [30])
2025-06-02 14:31:53,965 [Worker-14: Launching day17.1] INFO  o.eclipse.m2e.core.internal.Bundles - 	Entry: E:\DAC\Notes\WJP\Required Files\sts-4.30.0.RELEASE\sts-4.30.0.RELEASE\plugins\com.google.guava.failureaccess_1.0.2.jar
2025-06-02 14:31:53,997 [Worker-14: Launching day17.1] INFO  o.e.m.i.launch.MavenLaunchDelegate - Run build in "E:\DAC\Notes\WJP\Day_17\day17-data\day17.1":
2025-06-02 14:31:53,998 [Worker-14: Launching day17.1] INFO  o.e.m.i.launch.MavenLaunchDelegate -  mvn  -B -Dstyle.color=always clean compile
