2025-05-23 00:58:12,826 [Worker-8: Loading available Gradle versions] INFO  o.e.b.c.i.u.g.PublishedGradleVersions - Gradle version information cache is not available. Remote download required.
2025-05-23 08:11:54,831 [Worker-5: Loading available Gradle versions] INFO  o.e.b.c.i.u.g.PublishedGradleVersions - Gradle version information cache is up-to-date. Trying to read.
2025-05-23 08:15:52,837 [Worker-11: Importing Maven projects] INFO  o.e.m.c.i.l.LifecycleMappingFactory - Using org.eclipse.m2e.jdt.JarLifecycleMapping lifecycle mapping for MavenProject: com.cdac:hibernate_template_project:0.0.1 @ E:\DAC\Notes\WJP\template projects\hibernate_template_project\pom.xml.
2025-05-23 08:15:53,597 [Worker-11: Importing Maven projects] INFO  o.e.m.j.i.AbstractJavaProjectConfigurator - Adding source folder /hibernate_template_project/src/main/java
2025-05-23 08:15:53,628 [Worker-11: Importing Maven projects] INFO  o.e.m.j.i.AbstractJavaProjectConfigurator - Adding resource folder /hibernate_template_project/src/main/resources
2025-05-23 08:15:53,629 [Worker-11: Importing Maven projects] INFO  o.e.m.j.i.AbstractJavaProjectConfigurator - Adding source folder /hibernate_template_project/src/test/java
2025-05-23 08:15:53,630 [Worker-11: Importing Maven projects] INFO  o.e.m.j.i.AbstractJavaProjectConfigurator - Adding resource folder /hibernate_template_project/src/test/resources
2025-05-23 08:15:53,875 [Worker-11: Importing Maven projects] INFO  o.e.m.c.i.p.ProjectConfigurationManager - Imported and configured 1 project(s) in 2 sec
2025-05-23 08:15:54,258 [Worker-12: Building] WARN  o.a.m.s.f.DefaultMavenResourcesFiltering - Using platform encoding (UTF-8 actually) to copy filtered resources, i.e. build is platform dependent!
2025-05-23 08:15:54,266 [Worker-12: Building] INFO  o.a.m.s.f.DefaultMavenResourcesFiltering - Copying 1 resource from src\main\resources to target\classes
2025-05-23 08:15:54,323 [Worker-12: Building] WARN  o.a.m.s.f.DefaultMavenResourcesFiltering - Using platform encoding (UTF-8 actually) to copy filtered resources, i.e. build is platform dependent!
2025-05-23 08:15:54,325 [Worker-12: Building] INFO  o.a.m.s.f.DefaultMavenResourcesFiltering - Copying 0 resource from src\test\resources to target\test-classes
2025-05-23 08:16:15,246 [Worker-9: Updating Maven Project] INFO  o.e.m.c.i.p.ProjectConfigurationManager - Update started
2025-05-23 08:16:15,520 [Worker-9: Updating Maven Project] INFO  o.e.m.c.i.l.LifecycleMappingFactory - Using org.eclipse.m2e.jdt.JarLifecycleMapping lifecycle mapping for MavenProject: com.cdac:hibernate_template_project:0.0.1 @ E:\DAC\Notes\WJP\template projects\hibernate_template_project\pom.xml.
2025-05-23 08:16:15,938 [Worker-9: Updating Maven Project] INFO  o.e.m.j.i.AbstractJavaProjectConfigurator - Adding source folder /hibernate_template_project/src/main/java
2025-05-23 08:16:15,939 [Worker-9: Updating Maven Project] INFO  o.e.m.j.i.AbstractJavaProjectConfigurator - Adding resource folder /hibernate_template_project/src/main/resources
2025-05-23 08:16:15,939 [Worker-9: Updating Maven Project] INFO  o.e.m.j.i.AbstractJavaProjectConfigurator - Adding source folder /hibernate_template_project/src/test/java
2025-05-23 08:16:15,941 [Worker-9: Updating Maven Project] INFO  o.e.m.j.i.AbstractJavaProjectConfigurator - Adding resource folder /hibernate_template_project/src/test/resources
2025-05-23 08:16:16,146 [Worker-9: Updating Maven Project] INFO  o.e.m.c.i.p.ProjectConfigurationManager - Update completed for 1 poms: local refresh takes 0.00 sec, refresh facades takes 0.00 sec, update config takes 0.00 sec 
2025-05-23 08:16:16,284 [Worker-1: Building] WARN  o.a.m.s.f.DefaultMavenResourcesFiltering - Using platform encoding (UTF-8 actually) to copy filtered resources, i.e. build is platform dependent!
2025-05-23 08:16:16,286 [Worker-1: Building] INFO  o.a.m.s.f.DefaultMavenResourcesFiltering - Copying 1 resource from src\main\resources to target\classes
2025-05-23 08:16:16,297 [Worker-1: Building] WARN  o.a.m.s.f.DefaultMavenResourcesFiltering - Using platform encoding (UTF-8 actually) to copy filtered resources, i.e. build is platform dependent!
2025-05-23 08:16:16,298 [Worker-1: Building] INFO  o.a.m.s.f.DefaultMavenResourcesFiltering - Copying 0 resource from src\test\resources to target\test-classes
2025-05-23 10:55:08,988 [Worker-15: Creating project "Day8_maven_hibernate"] INFO  o.e.m.c.i.e.AbstractTransferListenerAdapter - Downloading https://repo.maven.apache.org/maven2/org/apache/maven/plugins/maven-compiler-plugin/3.13.0/maven-compiler-plugin-3.13.0.jar
2025-05-23 10:55:09,061 [Worker-15: Creating project "Day8_maven_hibernate"] INFO  o.e.m.c.i.e.AbstractTransferListenerAdapter - Downloaded https://repo.maven.apache.org/maven2/org/apache/maven/plugins/maven-compiler-plugin/3.13.0/maven-compiler-plugin-3.13.0.jar
2025-05-23 10:55:09,106 [Worker-15: Creating project "Day8_maven_hibernate"] INFO  o.e.m.c.i.e.AbstractTransferListenerAdapter - Downloading https://repo.maven.apache.org/maven2/org/apache/maven/plugins/maven-compiler-plugin/3.13.0/maven-compiler-plugin-3.13.0.pom
2025-05-23 10:55:09,115 [Worker-15: Creating project "Day8_maven_hibernate"] INFO  o.e.m.c.i.e.AbstractTransferListenerAdapter - Downloaded https://repo.maven.apache.org/maven2/org/apache/maven/plugins/maven-compiler-plugin/3.13.0/maven-compiler-plugin-3.13.0.pom
2025-05-23 10:55:09,142 [Worker-15: Creating project "Day8_maven_hibernate"] INFO  o.e.m.c.i.e.AbstractTransferListenerAdapter - Downloading https://repo.maven.apache.org/maven2/org/apache/maven/plugins/maven-plugins/41/maven-plugins-41.pom
2025-05-23 10:55:09,152 [Worker-15: Creating project "Day8_maven_hibernate"] INFO  o.e.m.c.i.e.AbstractTransferListenerAdapter - Downloaded https://repo.maven.apache.org/maven2/org/apache/maven/plugins/maven-plugins/41/maven-plugins-41.pom
2025-05-23 10:55:09,342 [Worker-15: Creating project "Day8_maven_hibernate"] INFO  o.e.m.c.i.e.AbstractTransferListenerAdapter - Downloading https://repo.maven.apache.org/maven2/org/codehaus/plexus/plexus-java/1.2.0/plexus-java-1.2.0.pom
2025-05-23 10:55:09,389 [Worker-15: Creating project "Day8_maven_hibernate"] INFO  o.e.m.c.i.e.AbstractTransferListenerAdapter - Downloaded https://repo.maven.apache.org/maven2/org/codehaus/plexus/plexus-java/1.2.0/plexus-java-1.2.0.pom
2025-05-23 10:55:09,409 [Worker-15: Creating project "Day8_maven_hibernate"] INFO  o.e.m.c.i.e.AbstractTransferListenerAdapter - Downloading https://repo.maven.apache.org/maven2/org/codehaus/plexus/plexus-languages/1.2.0/plexus-languages-1.2.0.pom
2025-05-23 10:55:09,415 [Worker-15: Creating project "Day8_maven_hibernate"] INFO  o.e.m.c.i.e.AbstractTransferListenerAdapter - Downloaded https://repo.maven.apache.org/maven2/org/codehaus/plexus/plexus-languages/1.2.0/plexus-languages-1.2.0.pom
2025-05-23 10:55:09,434 [Worker-15: Creating project "Day8_maven_hibernate"] INFO  o.e.m.c.i.e.AbstractTransferListenerAdapter - Downloading https://repo.maven.apache.org/maven2/org/codehaus/plexus/plexus/15/plexus-15.pom
2025-05-23 10:55:09,444 [Worker-15: Creating project "Day8_maven_hibernate"] INFO  o.e.m.c.i.e.AbstractTransferListenerAdapter - Downloaded https://repo.maven.apache.org/maven2/org/codehaus/plexus/plexus/15/plexus-15.pom
2025-05-23 10:55:09,470 [Worker-15: Creating project "Day8_maven_hibernate"] INFO  o.e.m.c.i.e.AbstractTransferListenerAdapter - Downloading https://repo.maven.apache.org/maven2/org/ow2/asm/asm/9.6/asm-9.6.pom
2025-05-23 10:55:09,475 [Worker-15: Creating project "Day8_maven_hibernate"] INFO  o.e.m.c.i.e.AbstractTransferListenerAdapter - Downloaded https://repo.maven.apache.org/maven2/org/ow2/asm/asm/9.6/asm-9.6.pom
2025-05-23 10:55:09,505 [Worker-15: Creating project "Day8_maven_hibernate"] INFO  o.e.m.c.i.e.AbstractTransferListenerAdapter - Downloading https://repo.maven.apache.org/maven2/com/thoughtworks/qdox/qdox/2.0.3/qdox-2.0.3.pom
2025-05-23 10:55:09,515 [Worker-15: Creating project "Day8_maven_hibernate"] INFO  o.e.m.c.i.e.AbstractTransferListenerAdapter - Downloaded https://repo.maven.apache.org/maven2/com/thoughtworks/qdox/qdox/2.0.3/qdox-2.0.3.pom
2025-05-23 10:55:09,571 [Worker-15: Creating project "Day8_maven_hibernate"] INFO  o.e.m.c.i.e.AbstractTransferListenerAdapter - Downloading https://repo.maven.apache.org/maven2/org/codehaus/plexus/plexus-utils/4.0.0/plexus-utils-4.0.0.pom
2025-05-23 10:55:09,582 [Worker-15: Creating project "Day8_maven_hibernate"] INFO  o.e.m.c.i.e.AbstractTransferListenerAdapter - Downloaded https://repo.maven.apache.org/maven2/org/codehaus/plexus/plexus-utils/4.0.0/plexus-utils-4.0.0.pom
2025-05-23 10:55:09,606 [Worker-15: Creating project "Day8_maven_hibernate"] INFO  o.e.m.c.i.e.AbstractTransferListenerAdapter - Downloading https://repo.maven.apache.org/maven2/org/codehaus/plexus/plexus/13/plexus-13.pom
2025-05-23 10:55:09,618 [Worker-15: Creating project "Day8_maven_hibernate"] INFO  o.e.m.c.i.e.AbstractTransferListenerAdapter - Downloaded https://repo.maven.apache.org/maven2/org/codehaus/plexus/plexus/13/plexus-13.pom
2025-05-23 10:55:09,671 [Worker-15: Creating project "Day8_maven_hibernate"] INFO  o.e.m.c.i.e.AbstractTransferListenerAdapter - Downloading https://repo.maven.apache.org/maven2/org/codehaus/plexus/plexus-xml/3.0.0/plexus-xml-3.0.0.pom
2025-05-23 10:55:09,680 [Worker-15: Creating project "Day8_maven_hibernate"] INFO  o.e.m.c.i.e.AbstractTransferListenerAdapter - Downloaded https://repo.maven.apache.org/maven2/org/codehaus/plexus/plexus-xml/3.0.0/plexus-xml-3.0.0.pom
2025-05-23 10:55:09,749 [Worker-15: Creating project "Day8_maven_hibernate"] INFO  o.e.m.c.i.e.AbstractTransferListenerAdapter - Downloading https://repo.maven.apache.org/maven2/org/codehaus/plexus/plexus-java/1.2.0/plexus-java-1.2.0.jar
2025-05-23 10:55:09,770 [Worker-15: Creating project "Day8_maven_hibernate"] INFO  o.e.m.c.i.e.AbstractTransferListenerAdapter - Downloaded https://repo.maven.apache.org/maven2/org/codehaus/plexus/plexus-java/1.2.0/plexus-java-1.2.0.jar
2025-05-23 10:55:09,784 [BasicRepositoryConnector-repo.maven.apache.org-0-0] INFO  o.e.m.c.i.e.AbstractTransferListenerAdapter - Downloading https://repo.maven.apache.org/maven2/org/ow2/asm/asm/9.6/asm-9.6.jar
2025-05-23 10:55:09,803 [BasicRepositoryConnector-repo.maven.apache.org-0-0] INFO  o.e.m.c.i.e.AbstractTransferListenerAdapter - Downloaded https://repo.maven.apache.org/maven2/org/ow2/asm/asm/9.6/asm-9.6.jar
2025-05-23 10:55:09,806 [BasicRepositoryConnector-repo.maven.apache.org-0-1] INFO  o.e.m.c.i.e.AbstractTransferListenerAdapter - Downloading https://repo.maven.apache.org/maven2/com/thoughtworks/qdox/qdox/2.0.3/qdox-2.0.3.jar
2025-05-23 10:55:09,809 [BasicRepositoryConnector-repo.maven.apache.org-0-2] INFO  o.e.m.c.i.e.AbstractTransferListenerAdapter - Downloading https://repo.maven.apache.org/maven2/org/codehaus/plexus/plexus-xml/3.0.0/plexus-xml-3.0.0.jar
2025-05-23 10:55:09,814 [BasicRepositoryConnector-repo.maven.apache.org-0-3] INFO  o.e.m.c.i.e.AbstractTransferListenerAdapter - Downloading https://repo.maven.apache.org/maven2/org/codehaus/plexus/plexus-utils/4.0.0/plexus-utils-4.0.0.jar
2025-05-23 10:55:09,834 [BasicRepositoryConnector-repo.maven.apache.org-0-2] INFO  o.e.m.c.i.e.AbstractTransferListenerAdapter - Downloaded https://repo.maven.apache.org/maven2/org/codehaus/plexus/plexus-xml/3.0.0/plexus-xml-3.0.0.jar
2025-05-23 10:55:09,861 [BasicRepositoryConnector-repo.maven.apache.org-0-3] INFO  o.e.m.c.i.e.AbstractTransferListenerAdapter - Downloaded https://repo.maven.apache.org/maven2/org/codehaus/plexus/plexus-utils/4.0.0/plexus-utils-4.0.0.jar
2025-05-23 10:55:09,878 [BasicRepositoryConnector-repo.maven.apache.org-0-1] INFO  o.e.m.c.i.e.AbstractTransferListenerAdapter - Downloaded https://repo.maven.apache.org/maven2/com/thoughtworks/qdox/qdox/2.0.3/qdox-2.0.3.jar
2025-05-23 10:55:09,989 [Worker-15: Creating project "Day8_maven_hibernate"] INFO  o.e.m.c.i.l.LifecycleMappingFactory - Using org.eclipse.m2e.jdt.JarLifecycleMapping lifecycle mapping for MavenProject: com.cdac:Day8_maven_hibernate:0.0.1-SNAPSHOT @ E:\DAC\Notes\WJP\Day_8\Practice\Day8_maven_hibernate\pom.xml.
2025-05-23 10:55:10,623 [Worker-15: Creating project "Day8_maven_hibernate"] INFO  o.e.m.j.i.AbstractJavaProjectConfigurator - Adding source folder /Day8_maven_hibernate/src/main/java
2025-05-23 10:55:10,624 [Worker-15: Creating project "Day8_maven_hibernate"] INFO  o.e.m.j.i.AbstractJavaProjectConfigurator - Adding resource folder /Day8_maven_hibernate/src/main/resources
2025-05-23 10:55:10,625 [Worker-15: Creating project "Day8_maven_hibernate"] INFO  o.e.m.j.i.AbstractJavaProjectConfigurator - Adding source folder /Day8_maven_hibernate/src/test/java
2025-05-23 10:55:10,625 [Worker-15: Creating project "Day8_maven_hibernate"] INFO  o.e.m.j.i.AbstractJavaProjectConfigurator - Adding resource folder /Day8_maven_hibernate/src/test/resources
2025-05-23 10:55:10,871 [Worker-15: Building] WARN  o.a.m.s.f.DefaultMavenResourcesFiltering - Using platform encoding (UTF-8 actually) to copy filtered resources, i.e. build is platform dependent!
2025-05-23 10:55:10,872 [Worker-15: Building] INFO  o.a.m.s.f.DefaultMavenResourcesFiltering - Copying 0 resource from src\main\resources to target\classes
2025-05-23 10:55:10,876 [Worker-15: Building] WARN  o.a.m.s.f.DefaultMavenResourcesFiltering - Using platform encoding (UTF-8 actually) to copy filtered resources, i.e. build is platform dependent!
2025-05-23 10:55:10,877 [Worker-15: Building] INFO  o.a.m.s.f.DefaultMavenResourcesFiltering - Copying 0 resource from src\test\resources to target\test-classes
2025-05-23 10:55:33,829 [Worker-20: Building] INFO  o.e.m.c.i.l.LifecycleMappingFactory - Using org.eclipse.m2e.jdt.JarLifecycleMapping lifecycle mapping for MavenProject: com.cdac:Day8_maven_hibernate:0.0.1-SNAPSHOT @ E:\DAC\Notes\WJP\Day_8\Practice\Day_8_maven_hibernate\pom.xml.
2025-05-23 10:55:33,851 [Worker-20: Building] WARN  o.a.m.s.f.DefaultMavenResourcesFiltering - Using platform encoding (UTF-8 actually) to copy filtered resources, i.e. build is platform dependent!
2025-05-23 10:55:33,853 [Worker-20: Building] INFO  o.a.m.s.f.DefaultMavenResourcesFiltering - Copying 0 resource from src\main\resources to target\classes
2025-05-23 10:55:33,855 [Worker-20: Building] WARN  o.a.m.s.f.DefaultMavenResourcesFiltering - Using platform encoding (UTF-8 actually) to copy filtered resources, i.e. build is platform dependent!
2025-05-23 10:55:33,856 [Worker-20: Building] INFO  o.a.m.s.f.DefaultMavenResourcesFiltering - Copying 0 resource from src\test\resources to target\test-classes
2025-05-23 11:05:03,860 [Worker-27: Updating Maven Project] INFO  o.e.m.c.i.p.ProjectConfigurationManager - Update started
2025-05-23 11:05:04,104 [Worker-27: Updating Maven Project] INFO  o.e.m.c.i.l.LifecycleMappingFactory - Using org.eclipse.m2e.jdt.JarLifecycleMapping lifecycle mapping for MavenProject: com.cdac:hibernate_template_project:0.0.1 @ E:\DAC\Notes\WJP\template projects\hibernate_template_project\pom.xml.
2025-05-23 11:05:04,448 [Worker-27: Updating Maven Project] INFO  o.e.m.c.i.l.LifecycleMappingFactory - Using org.eclipse.m2e.jdt.JarLifecycleMapping lifecycle mapping for MavenProject: com.cdac:Day8_maven_hibernate:0.0.1-SNAPSHOT @ E:\DAC\Notes\WJP\Day_8\Practice\Day_8_maven_hibernate\pom.xml.
2025-05-23 11:05:04,703 [Worker-27: Updating Maven Project] INFO  o.e.m.j.i.AbstractJavaProjectConfigurator - Adding source folder /hibernate_template_project/src/main/java
2025-05-23 11:05:04,704 [Worker-27: Updating Maven Project] INFO  o.e.m.j.i.AbstractJavaProjectConfigurator - Adding resource folder /hibernate_template_project/src/main/resources
2025-05-23 11:05:04,704 [Worker-27: Updating Maven Project] INFO  o.e.m.j.i.AbstractJavaProjectConfigurator - Adding source folder /hibernate_template_project/src/test/java
2025-05-23 11:05:04,705 [Worker-27: Updating Maven Project] INFO  o.e.m.j.i.AbstractJavaProjectConfigurator - Adding resource folder /hibernate_template_project/src/test/resources
2025-05-23 11:05:04,991 [Worker-27: Updating Maven Project] INFO  o.e.m.c.i.p.ProjectConfigurationManager - Update completed for 1 poms: local refresh takes 0.00 sec, refresh facades takes 0.00 sec, update config takes 0.00 sec 
2025-05-23 11:05:05,135 [Worker-26: Building] WARN  o.a.m.s.f.DefaultMavenResourcesFiltering - Using platform encoding (UTF-8 actually) to copy filtered resources, i.e. build is platform dependent!
2025-05-23 11:05:05,137 [Worker-26: Building] INFO  o.a.m.s.f.DefaultMavenResourcesFiltering - Copying 1 resource from src\main\resources to target\classes
2025-05-23 11:05:05,146 [Worker-26: Building] WARN  o.a.m.s.f.DefaultMavenResourcesFiltering - Using platform encoding (UTF-8 actually) to copy filtered resources, i.e. build is platform dependent!
2025-05-23 11:05:05,147 [Worker-26: Building] INFO  o.a.m.s.f.DefaultMavenResourcesFiltering - Copying 0 resource from src\test\resources to target\test-classes
2025-05-23 11:05:19,227 [Worker-24: Updating Maven Project] INFO  o.e.m.c.i.p.ProjectConfigurationManager - Update started
2025-05-23 11:05:19,413 [Worker-24: Updating Maven Project] INFO  o.e.m.c.i.l.LifecycleMappingFactory - Using org.eclipse.m2e.jdt.JarLifecycleMapping lifecycle mapping for MavenProject: com.cdac:Day8_maven_hibernate:0.0.1-SNAPSHOT @ E:\DAC\Notes\WJP\Day_8\Practice\Day_8_maven_hibernate\pom.xml.
2025-05-23 11:05:19,430 [Worker-24: Updating Maven Project] INFO  o.e.m.j.i.AbstractJavaProjectConfigurator - Adding source folder /Day_8_maven_hibernate/src/main/java
2025-05-23 11:05:19,431 [Worker-24: Updating Maven Project] INFO  o.e.m.j.i.AbstractJavaProjectConfigurator - Adding resource folder /Day_8_maven_hibernate/src/main/resources
2025-05-23 11:05:19,431 [Worker-24: Updating Maven Project] INFO  o.e.m.j.i.AbstractJavaProjectConfigurator - Adding source folder /Day_8_maven_hibernate/src/test/java
2025-05-23 11:05:19,431 [Worker-24: Updating Maven Project] INFO  o.e.m.j.i.AbstractJavaProjectConfigurator - Adding resource folder /Day_8_maven_hibernate/src/test/resources
2025-05-23 11:05:19,511 [Worker-24: Updating Maven Project] INFO  o.e.m.c.i.p.ProjectConfigurationManager - Update completed for 1 poms: local refresh takes 0.00 sec, refresh facades takes 0.00 sec, update config takes 0.00 sec 
2025-05-23 11:05:19,647 [Worker-4: Building] WARN  o.a.m.s.f.DefaultMavenResourcesFiltering - Using platform encoding (UTF-8 actually) to copy filtered resources, i.e. build is platform dependent!
2025-05-23 11:05:19,648 [Worker-4: Building] INFO  o.a.m.s.f.DefaultMavenResourcesFiltering - Copying 0 resource from src\main\resources to target\classes
2025-05-23 11:05:19,650 [Worker-4: Building] WARN  o.a.m.s.f.DefaultMavenResourcesFiltering - Using platform encoding (UTF-8 actually) to copy filtered resources, i.e. build is platform dependent!
2025-05-23 11:05:19,652 [Worker-4: Building] INFO  o.a.m.s.f.DefaultMavenResourcesFiltering - Copying 0 resource from src\test\resources to target\test-classes
2025-05-23 11:05:46,452 [Worker-15: Building] INFO  o.e.m.c.i.l.LifecycleMappingFactory - Using org.eclipse.m2e.jdt.JarLifecycleMapping lifecycle mapping for MavenProject: com.cdac:Day8_maven_hibernate:0.0.1 @ E:\DAC\Notes\WJP\Day_8\Practice\Day_8_maven_hibernate\pom.xml.
2025-05-23 11:05:46,543 [Worker-15: Building] WARN  o.a.m.s.f.DefaultMavenResourcesFiltering - Using platform encoding (UTF-8 actually) to copy filtered resources, i.e. build is platform dependent!
2025-05-23 11:05:46,544 [Worker-15: Building] INFO  o.a.m.s.f.DefaultMavenResourcesFiltering - Copying 0 resource from src\main\resources to target\classes
2025-05-23 11:05:46,547 [Worker-15: Building] WARN  o.a.m.s.f.DefaultMavenResourcesFiltering - Using platform encoding (UTF-8 actually) to copy filtered resources, i.e. build is platform dependent!
2025-05-23 11:05:46,547 [Worker-15: Building] INFO  o.a.m.s.f.DefaultMavenResourcesFiltering - Copying 0 resource from src\test\resources to target\test-classes
2025-05-23 11:05:46,583 [Worker-27: Updating Maven Project] INFO  o.e.m.c.i.p.ProjectConfigurationManager - Update started
2025-05-23 11:05:46,633 [Worker-27: Updating Maven Project] INFO  o.e.m.c.i.l.LifecycleMappingFactory - Using org.eclipse.m2e.jdt.JarLifecycleMapping lifecycle mapping for MavenProject: com.cdac:Day8_maven_hibernate:0.0.1 @ E:\DAC\Notes\WJP\Day_8\Practice\Day_8_maven_hibernate\pom.xml.
2025-05-23 11:05:46,819 [Worker-27: Updating Maven Project] INFO  o.e.m.j.i.AbstractJavaProjectConfigurator - Adding source folder /Day_8_maven_hibernate/src/main/java
2025-05-23 11:05:46,820 [Worker-27: Updating Maven Project] INFO  o.e.m.j.i.AbstractJavaProjectConfigurator - Adding resource folder /Day_8_maven_hibernate/src/main/resources
2025-05-23 11:05:46,820 [Worker-27: Updating Maven Project] INFO  o.e.m.j.i.AbstractJavaProjectConfigurator - Adding source folder /Day_8_maven_hibernate/src/test/java
2025-05-23 11:05:46,820 [Worker-27: Updating Maven Project] INFO  o.e.m.j.i.AbstractJavaProjectConfigurator - Adding resource folder /Day_8_maven_hibernate/src/test/resources
2025-05-23 11:05:46,979 [Worker-27: Updating Maven Project] INFO  o.e.m.c.i.p.ProjectConfigurationManager - Update completed for 1 poms: local refresh takes 0.00 sec, refresh facades takes 0.00 sec, update config takes 0.00 sec 
2025-05-23 11:05:47,741 [Worker-26: Building] WARN  o.a.m.s.f.DefaultMavenResourcesFiltering - Using platform encoding (UTF-8 actually) to copy filtered resources, i.e. build is platform dependent!
2025-05-23 11:05:47,744 [Worker-26: Building] INFO  o.a.m.s.f.DefaultMavenResourcesFiltering - Copying 0 resource from src\main\resources to target\classes
2025-05-23 11:05:47,746 [Worker-26: Building] WARN  o.a.m.s.f.DefaultMavenResourcesFiltering - Using platform encoding (UTF-8 actually) to copy filtered resources, i.e. build is platform dependent!
2025-05-23 11:05:47,747 [Worker-26: Building] INFO  o.a.m.s.f.DefaultMavenResourcesFiltering - Copying 0 resource from src\test\resources to target\test-classes
2025-05-23 11:06:41,872 [main] INFO  o.e.m2e.actions.ExecutePomAction - Creating new launch configuration
2025-05-23 11:07:43,612 [Worker-26: Launching Day_8_maven_hibernate] INFO  o.eclipse.m2e.core.internal.Bundles - getClasspathEntries(Bundle=org.eclipse.m2e.maven.runtime_3.9.900.20250220-2013 [361])
2025-05-23 11:07:43,614 [Worker-26: Launching Day_8_maven_hibernate] INFO  o.eclipse.m2e.core.internal.Bundles - 	Entry: E:\DAC\Notes\WJP\Required Files\sts-4.30.0.RELEASE\sts-4.30.0.RELEASE\plugins\org.eclipse.m2e.maven.runtime_3.9.900.20250220-2013
2025-05-23 11:07:43,615 [Worker-26: Launching Day_8_maven_hibernate] INFO  o.eclipse.m2e.core.internal.Bundles - 	Entry: E:\DAC\Notes\WJP\Required Files\sts-4.30.0.RELEASE\sts-4.30.0.RELEASE\plugins\org.eclipse.m2e.maven.runtime_3.9.900.20250220-2013\jars\aopalliance-1.0.jar
2025-05-23 11:07:43,615 [Worker-26: Launching Day_8_maven_hibernate] INFO  o.eclipse.m2e.core.internal.Bundles - 	Entry: E:\DAC\Notes\WJP\Required Files\sts-4.30.0.RELEASE\sts-4.30.0.RELEASE\plugins\org.eclipse.m2e.maven.runtime_3.9.900.20250220-2013\jars\guice-5.1.0.jar
2025-05-23 11:07:43,615 [Worker-26: Launching Day_8_maven_hibernate] INFO  o.eclipse.m2e.core.internal.Bundles - 	Entry: E:\DAC\Notes\WJP\Required Files\sts-4.30.0.RELEASE\sts-4.30.0.RELEASE\plugins\org.eclipse.m2e.maven.runtime_3.9.900.20250220-2013\jars\httpclient-4.5.14.jar
2025-05-23 11:07:43,615 [Worker-26: Launching Day_8_maven_hibernate] INFO  o.eclipse.m2e.core.internal.Bundles - 	Entry: E:\DAC\Notes\WJP\Required Files\sts-4.30.0.RELEASE\sts-4.30.0.RELEASE\plugins\org.eclipse.m2e.maven.runtime_3.9.900.20250220-2013\jars\httpcore-4.4.16.jar
2025-05-23 11:07:43,615 [Worker-26: Launching Day_8_maven_hibernate] INFO  o.eclipse.m2e.core.internal.Bundles - 	Entry: E:\DAC\Notes\WJP\Required Files\sts-4.30.0.RELEASE\sts-4.30.0.RELEASE\plugins\org.eclipse.m2e.maven.runtime_3.9.900.20250220-2013\jars\jansi-2.4.1.jar
2025-05-23 11:07:43,615 [Worker-26: Launching Day_8_maven_hibernate] INFO  o.eclipse.m2e.core.internal.Bundles - 	Entry: E:\DAC\Notes\WJP\Required Files\sts-4.30.0.RELEASE\sts-4.30.0.RELEASE\plugins\org.eclipse.m2e.maven.runtime_3.9.900.20250220-2013\jars\jcl-over-slf4j-1.7.36.jar
2025-05-23 11:07:43,616 [Worker-26: Launching Day_8_maven_hibernate] INFO  o.eclipse.m2e.core.internal.Bundles - 	Entry: E:\DAC\Notes\WJP\Required Files\sts-4.30.0.RELEASE\sts-4.30.0.RELEASE\plugins\org.eclipse.m2e.maven.runtime_3.9.900.20250220-2013\jars\maven-artifact-3.9.9.jar
2025-05-23 11:07:43,616 [Worker-26: Launching Day_8_maven_hibernate] INFO  o.eclipse.m2e.core.internal.Bundles - 	Entry: E:\DAC\Notes\WJP\Required Files\sts-4.30.0.RELEASE\sts-4.30.0.RELEASE\plugins\org.eclipse.m2e.maven.runtime_3.9.900.20250220-2013\jars\maven-builder-support-3.9.9.jar
2025-05-23 11:07:43,616 [Worker-26: Launching Day_8_maven_hibernate] INFO  o.eclipse.m2e.core.internal.Bundles - 	Entry: E:\DAC\Notes\WJP\Required Files\sts-4.30.0.RELEASE\sts-4.30.0.RELEASE\plugins\org.eclipse.m2e.maven.runtime_3.9.900.20250220-2013\jars\maven-compat-3.9.9.jar
2025-05-23 11:07:43,616 [Worker-26: Launching Day_8_maven_hibernate] INFO  o.eclipse.m2e.core.internal.Bundles - 	Entry: E:\DAC\Notes\WJP\Required Files\sts-4.30.0.RELEASE\sts-4.30.0.RELEASE\plugins\org.eclipse.m2e.maven.runtime_3.9.900.20250220-2013\jars\maven-core-3.9.9.jar
2025-05-23 11:07:43,616 [Worker-26: Launching Day_8_maven_hibernate] INFO  o.eclipse.m2e.core.internal.Bundles - 	Entry: E:\DAC\Notes\WJP\Required Files\sts-4.30.0.RELEASE\sts-4.30.0.RELEASE\plugins\org.eclipse.m2e.maven.runtime_3.9.900.20250220-2013\jars\maven-embedder-3.9.9.jar
2025-05-23 11:07:43,616 [Worker-26: Launching Day_8_maven_hibernate] INFO  o.eclipse.m2e.core.internal.Bundles - 	Entry: E:\DAC\Notes\WJP\Required Files\sts-4.30.0.RELEASE\sts-4.30.0.RELEASE\plugins\org.eclipse.m2e.maven.runtime_3.9.900.20250220-2013\jars\maven-model-3.9.9.jar
2025-05-23 11:07:43,616 [Worker-26: Launching Day_8_maven_hibernate] INFO  o.eclipse.m2e.core.internal.Bundles - 	Entry: E:\DAC\Notes\WJP\Required Files\sts-4.30.0.RELEASE\sts-4.30.0.RELEASE\plugins\org.eclipse.m2e.maven.runtime_3.9.900.20250220-2013\jars\maven-model-builder-3.9.9.jar
2025-05-23 11:07:43,616 [Worker-26: Launching Day_8_maven_hibernate] INFO  o.eclipse.m2e.core.internal.Bundles - 	Entry: E:\DAC\Notes\WJP\Required Files\sts-4.30.0.RELEASE\sts-4.30.0.RELEASE\plugins\org.eclipse.m2e.maven.runtime_3.9.900.20250220-2013\jars\maven-plugin-api-3.9.9.jar
2025-05-23 11:07:43,616 [Worker-26: Launching Day_8_maven_hibernate] INFO  o.eclipse.m2e.core.internal.Bundles - 	Entry: E:\DAC\Notes\WJP\Required Files\sts-4.30.0.RELEASE\sts-4.30.0.RELEASE\plugins\org.eclipse.m2e.maven.runtime_3.9.900.20250220-2013\jars\maven-repository-metadata-3.9.9.jar
2025-05-23 11:07:43,616 [Worker-26: Launching Day_8_maven_hibernate] INFO  o.eclipse.m2e.core.internal.Bundles - 	Entry: E:\DAC\Notes\WJP\Required Files\sts-4.30.0.RELEASE\sts-4.30.0.RELEASE\plugins\org.eclipse.m2e.maven.runtime_3.9.900.20250220-2013\jars\maven-resolver-api-1.9.22.jar
2025-05-23 11:07:43,616 [Worker-26: Launching Day_8_maven_hibernate] INFO  o.eclipse.m2e.core.internal.Bundles - 	Entry: E:\DAC\Notes\WJP\Required Files\sts-4.30.0.RELEASE\sts-4.30.0.RELEASE\plugins\org.eclipse.m2e.maven.runtime_3.9.900.20250220-2013\jars\maven-resolver-connector-basic-1.9.22.jar
2025-05-23 11:07:43,616 [Worker-26: Launching Day_8_maven_hibernate] INFO  o.eclipse.m2e.core.internal.Bundles - 	Entry: E:\DAC\Notes\WJP\Required Files\sts-4.30.0.RELEASE\sts-4.30.0.RELEASE\plugins\org.eclipse.m2e.maven.runtime_3.9.900.20250220-2013\jars\maven-resolver-impl-1.9.22.jar
2025-05-23 11:07:43,618 [Worker-26: Launching Day_8_maven_hibernate] INFO  o.eclipse.m2e.core.internal.Bundles - 	Entry: E:\DAC\Notes\WJP\Required Files\sts-4.30.0.RELEASE\sts-4.30.0.RELEASE\plugins\org.eclipse.m2e.maven.runtime_3.9.900.20250220-2013\jars\maven-resolver-named-locks-1.9.22.jar
2025-05-23 11:07:43,618 [Worker-26: Launching Day_8_maven_hibernate] INFO  o.eclipse.m2e.core.internal.Bundles - 	Entry: E:\DAC\Notes\WJP\Required Files\sts-4.30.0.RELEASE\sts-4.30.0.RELEASE\plugins\org.eclipse.m2e.maven.runtime_3.9.900.20250220-2013\jars\maven-resolver-provider-3.9.9.jar
2025-05-23 11:07:43,618 [Worker-26: Launching Day_8_maven_hibernate] INFO  o.eclipse.m2e.core.internal.Bundles - 	Entry: E:\DAC\Notes\WJP\Required Files\sts-4.30.0.RELEASE\sts-4.30.0.RELEASE\plugins\org.eclipse.m2e.maven.runtime_3.9.900.20250220-2013\jars\maven-resolver-spi-1.9.22.jar
2025-05-23 11:07:43,619 [Worker-26: Launching Day_8_maven_hibernate] INFO  o.eclipse.m2e.core.internal.Bundles - 	Entry: E:\DAC\Notes\WJP\Required Files\sts-4.30.0.RELEASE\sts-4.30.0.RELEASE\plugins\org.eclipse.m2e.maven.runtime_3.9.900.20250220-2013\jars\maven-resolver-transport-file-1.9.22.jar
2025-05-23 11:07:43,619 [Worker-26: Launching Day_8_maven_hibernate] INFO  o.eclipse.m2e.core.internal.Bundles - 	Entry: E:\DAC\Notes\WJP\Required Files\sts-4.30.0.RELEASE\sts-4.30.0.RELEASE\plugins\org.eclipse.m2e.maven.runtime_3.9.900.20250220-2013\jars\maven-resolver-transport-http-1.9.22.jar
2025-05-23 11:07:43,619 [Worker-26: Launching Day_8_maven_hibernate] INFO  o.eclipse.m2e.core.internal.Bundles - 	Entry: E:\DAC\Notes\WJP\Required Files\sts-4.30.0.RELEASE\sts-4.30.0.RELEASE\plugins\org.eclipse.m2e.maven.runtime_3.9.900.20250220-2013\jars\maven-resolver-transport-wagon-1.9.22.jar
2025-05-23 11:07:43,619 [Worker-26: Launching Day_8_maven_hibernate] INFO  o.eclipse.m2e.core.internal.Bundles - 	Entry: E:\DAC\Notes\WJP\Required Files\sts-4.30.0.RELEASE\sts-4.30.0.RELEASE\plugins\org.eclipse.m2e.maven.runtime_3.9.900.20250220-2013\jars\maven-resolver-util-1.9.22.jar
2025-05-23 11:07:43,619 [Worker-26: Launching Day_8_maven_hibernate] INFO  o.eclipse.m2e.core.internal.Bundles - 	Entry: E:\DAC\Notes\WJP\Required Files\sts-4.30.0.RELEASE\sts-4.30.0.RELEASE\plugins\org.eclipse.m2e.maven.runtime_3.9.900.20250220-2013\jars\maven-settings-3.9.9.jar
2025-05-23 11:07:43,619 [Worker-26: Launching Day_8_maven_hibernate] INFO  o.eclipse.m2e.core.internal.Bundles - 	Entry: E:\DAC\Notes\WJP\Required Files\sts-4.30.0.RELEASE\sts-4.30.0.RELEASE\plugins\org.eclipse.m2e.maven.runtime_3.9.900.20250220-2013\jars\maven-settings-builder-3.9.9.jar
2025-05-23 11:07:43,619 [Worker-26: Launching Day_8_maven_hibernate] INFO  o.eclipse.m2e.core.internal.Bundles - 	Entry: E:\DAC\Notes\WJP\Required Files\sts-4.30.0.RELEASE\sts-4.30.0.RELEASE\plugins\org.eclipse.m2e.maven.runtime_3.9.900.20250220-2013\jars\maven-shared-utils-3.4.2.jar
2025-05-23 11:07:43,619 [Worker-26: Launching Day_8_maven_hibernate] INFO  o.eclipse.m2e.core.internal.Bundles - 	Entry: E:\DAC\Notes\WJP\Required Files\sts-4.30.0.RELEASE\sts-4.30.0.RELEASE\plugins\org.eclipse.m2e.maven.runtime_3.9.900.20250220-2013\jars\org.eclipse.sisu.inject-0.9.0.M3.jar
2025-05-23 11:07:43,619 [Worker-26: Launching Day_8_maven_hibernate] INFO  o.eclipse.m2e.core.internal.Bundles - 	Entry: E:\DAC\Notes\WJP\Required Files\sts-4.30.0.RELEASE\sts-4.30.0.RELEASE\plugins\org.eclipse.m2e.maven.runtime_3.9.900.20250220-2013\jars\org.eclipse.sisu.plexus-0.9.0.M3.jar
2025-05-23 11:07:43,619 [Worker-26: Launching Day_8_maven_hibernate] INFO  o.eclipse.m2e.core.internal.Bundles - 	Entry: E:\DAC\Notes\WJP\Required Files\sts-4.30.0.RELEASE\sts-4.30.0.RELEASE\plugins\org.eclipse.m2e.maven.runtime_3.9.900.20250220-2013\jars\plexus-build-api-0.0.7.jar
2025-05-23 11:07:43,619 [Worker-26: Launching Day_8_maven_hibernate] INFO  o.eclipse.m2e.core.internal.Bundles - 	Entry: E:\DAC\Notes\WJP\Required Files\sts-4.30.0.RELEASE\sts-4.30.0.RELEASE\plugins\org.eclipse.m2e.maven.runtime_3.9.900.20250220-2013\jars\plexus-build-api-1.2.0.jar
2025-05-23 11:07:43,620 [Worker-26: Launching Day_8_maven_hibernate] INFO  o.eclipse.m2e.core.internal.Bundles - 	Entry: E:\DAC\Notes\WJP\Required Files\sts-4.30.0.RELEASE\sts-4.30.0.RELEASE\plugins\org.eclipse.m2e.maven.runtime_3.9.900.20250220-2013\jars\plexus-cipher-2.0.jar
2025-05-23 11:07:43,620 [Worker-26: Launching Day_8_maven_hibernate] INFO  o.eclipse.m2e.core.internal.Bundles - 	Entry: E:\DAC\Notes\WJP\Required Files\sts-4.30.0.RELEASE\sts-4.30.0.RELEASE\plugins\org.eclipse.m2e.maven.runtime_3.9.900.20250220-2013\jars\plexus-classworlds-2.8.0.jar
2025-05-23 11:07:43,620 [Worker-26: Launching Day_8_maven_hibernate] INFO  o.eclipse.m2e.core.internal.Bundles - 	Entry: E:\DAC\Notes\WJP\Required Files\sts-4.30.0.RELEASE\sts-4.30.0.RELEASE\plugins\org.eclipse.m2e.maven.runtime_3.9.900.20250220-2013\jars\plexus-component-annotations-2.1.0.jar
2025-05-23 11:07:43,620 [Worker-26: Launching Day_8_maven_hibernate] INFO  o.eclipse.m2e.core.internal.Bundles - 	Entry: E:\DAC\Notes\WJP\Required Files\sts-4.30.0.RELEASE\sts-4.30.0.RELEASE\plugins\org.eclipse.m2e.maven.runtime_3.9.900.20250220-2013\jars\plexus-interpolation-1.27.jar
2025-05-23 11:07:43,620 [Worker-26: Launching Day_8_maven_hibernate] INFO  o.eclipse.m2e.core.internal.Bundles - 	Entry: E:\DAC\Notes\WJP\Required Files\sts-4.30.0.RELEASE\sts-4.30.0.RELEASE\plugins\org.eclipse.m2e.maven.runtime_3.9.900.20250220-2013\jars\plexus-sec-dispatcher-2.0.jar
2025-05-23 11:07:43,620 [Worker-26: Launching Day_8_maven_hibernate] INFO  o.eclipse.m2e.core.internal.Bundles - 	Entry: E:\DAC\Notes\WJP\Required Files\sts-4.30.0.RELEASE\sts-4.30.0.RELEASE\plugins\org.eclipse.m2e.maven.runtime_3.9.900.20250220-2013\jars\plexus-utils-3.5.1.jar
2025-05-23 11:07:43,620 [Worker-26: Launching Day_8_maven_hibernate] INFO  o.eclipse.m2e.core.internal.Bundles - 	Entry: E:\DAC\Notes\WJP\Required Files\sts-4.30.0.RELEASE\sts-4.30.0.RELEASE\plugins\org.eclipse.m2e.maven.runtime_3.9.900.20250220-2013\jars\plexus-xml-3.0.1.jar
2025-05-23 11:07:43,620 [Worker-26: Launching Day_8_maven_hibernate] INFO  o.eclipse.m2e.core.internal.Bundles - 	Entry: E:\DAC\Notes\WJP\Required Files\sts-4.30.0.RELEASE\sts-4.30.0.RELEASE\plugins\org.eclipse.m2e.maven.runtime_3.9.900.20250220-2013\jars\wagon-file-3.5.3.jar
2025-05-23 11:07:43,620 [Worker-26: Launching Day_8_maven_hibernate] INFO  o.eclipse.m2e.core.internal.Bundles - 	Entry: E:\DAC\Notes\WJP\Required Files\sts-4.30.0.RELEASE\sts-4.30.0.RELEASE\plugins\org.eclipse.m2e.maven.runtime_3.9.900.20250220-2013\jars\wagon-http-3.5.3.jar
2025-05-23 11:07:43,620 [Worker-26: Launching Day_8_maven_hibernate] INFO  o.eclipse.m2e.core.internal.Bundles - 	Entry: E:\DAC\Notes\WJP\Required Files\sts-4.30.0.RELEASE\sts-4.30.0.RELEASE\plugins\org.eclipse.m2e.maven.runtime_3.9.900.20250220-2013\jars\wagon-http-shared-3.5.3.jar
2025-05-23 11:07:43,620 [Worker-26: Launching Day_8_maven_hibernate] INFO  o.eclipse.m2e.core.internal.Bundles - 	Entry: E:\DAC\Notes\WJP\Required Files\sts-4.30.0.RELEASE\sts-4.30.0.RELEASE\plugins\org.eclipse.m2e.maven.runtime_3.9.900.20250220-2013\jars\wagon-provider-api-3.5.3.jar
2025-05-23 11:07:43,622 [Worker-26: Launching Day_8_maven_hibernate] INFO  o.eclipse.m2e.core.internal.Bundles - getClasspathEntries(Bundle=com.google.guava_33.4.0.jre [29])
2025-05-23 11:07:43,622 [Worker-26: Launching Day_8_maven_hibernate] INFO  o.eclipse.m2e.core.internal.Bundles - 	Entry: E:\DAC\Notes\WJP\Required Files\sts-4.30.0.RELEASE\sts-4.30.0.RELEASE\plugins\com.google.guava_33.4.0.jre.jar
2025-05-23 11:07:43,622 [Worker-26: Launching Day_8_maven_hibernate] INFO  o.eclipse.m2e.core.internal.Bundles - getClasspathEntries(Bundle=slf4j.api_2.0.17 [608])
2025-05-23 11:07:43,623 [Worker-26: Launching Day_8_maven_hibernate] INFO  o.eclipse.m2e.core.internal.Bundles - 	Entry: E:\DAC\Notes\WJP\Required Files\sts-4.30.0.RELEASE\sts-4.30.0.RELEASE\plugins\slf4j.api_2.0.17.jar
2025-05-23 11:07:43,623 [Worker-26: Launching Day_8_maven_hibernate] INFO  o.eclipse.m2e.core.internal.Bundles - getClasspathEntries(Bundle=javax.inject_1.0.0.v20220405-0441 [759])
2025-05-23 11:07:43,623 [Worker-26: Launching Day_8_maven_hibernate] INFO  o.eclipse.m2e.core.internal.Bundles - 	Entry: E:\DAC\Notes\WJP\Required Files\sts-4.30.0.RELEASE\sts-4.30.0.RELEASE\plugins\javax.inject_1.0.0.v20220405-0441.jar
2025-05-23 11:07:43,623 [Worker-26: Launching Day_8_maven_hibernate] INFO  o.eclipse.m2e.core.internal.Bundles - getClasspathEntries(Bundle=javax.annotation_1.3.5.v20230504-0748 [758])
2025-05-23 11:07:43,623 [Worker-26: Launching Day_8_maven_hibernate] INFO  o.eclipse.m2e.core.internal.Bundles - 	Entry: E:\DAC\Notes\WJP\Required Files\sts-4.30.0.RELEASE\sts-4.30.0.RELEASE\plugins\javax.annotation_1.3.5.v20230504-0748.jar
2025-05-23 11:07:43,623 [Worker-26: Launching Day_8_maven_hibernate] INFO  o.eclipse.m2e.core.internal.Bundles - getClasspathEntries(Bundle=org.apache.commons.cli_1.9.0 [77])
2025-05-23 11:07:43,624 [Worker-26: Launching Day_8_maven_hibernate] INFO  o.eclipse.m2e.core.internal.Bundles - 	Entry: E:\DAC\Notes\WJP\Required Files\sts-4.30.0.RELEASE\sts-4.30.0.RELEASE\plugins\org.apache.commons.cli_1.9.0.jar
2025-05-23 11:07:43,624 [Worker-26: Launching Day_8_maven_hibernate] INFO  o.eclipse.m2e.core.internal.Bundles - getClasspathEntries(Bundle=org.apache.commons.commons-codec_1.16.0 [79])
2025-05-23 11:07:43,624 [Worker-26: Launching Day_8_maven_hibernate] INFO  o.eclipse.m2e.core.internal.Bundles - 	Entry: E:\DAC\Notes\WJP\Required Files\sts-4.30.0.RELEASE\sts-4.30.0.RELEASE\plugins\org.apache.commons.commons-codec_1.16.0.jar
2025-05-23 11:07:43,624 [Worker-26: Launching Day_8_maven_hibernate] INFO  o.eclipse.m2e.core.internal.Bundles - getClasspathEntries(Bundle=com.google.guava.failureaccess_1.0.2 [30])
2025-05-23 11:07:43,625 [Worker-26: Launching Day_8_maven_hibernate] INFO  o.eclipse.m2e.core.internal.Bundles - 	Entry: E:\DAC\Notes\WJP\Required Files\sts-4.30.0.RELEASE\sts-4.30.0.RELEASE\plugins\com.google.guava.failureaccess_1.0.2.jar
2025-05-23 11:07:43,628 [Worker-26: Launching Day_8_maven_hibernate] INFO  o.e.m.i.launch.MavenLaunchDelegate - Run build in "E:\DAC\Notes\WJP\Day_8\Practice\Day_8_maven_hibernate":
2025-05-23 11:07:43,629 [Worker-26: Launching Day_8_maven_hibernate] INFO  o.e.m.i.launch.MavenLaunchDelegate -  mvn  -B -Dstyle.color=always clean compile
2025-05-23 11:34:46,238 [Worker-29: Updating Maven Project] INFO  o.e.m.c.i.p.ProjectConfigurationManager - Update started
2025-05-23 11:34:46,386 [Worker-29: Updating Maven Project] INFO  o.e.m.c.i.l.LifecycleMappingFactory - Using org.eclipse.m2e.jdt.JarLifecycleMapping lifecycle mapping for MavenProject: com.cdac:hibernate_template_project:0.0.1 @ E:\DAC\Notes\WJP\template projects\hibernate_template_project\pom.xml.
2025-05-23 11:34:46,486 [Worker-29: Updating Maven Project] INFO  o.e.m.c.i.l.LifecycleMappingFactory - Using org.eclipse.m2e.jdt.JarLifecycleMapping lifecycle mapping for MavenProject: com.cdac:Day8_maven_hibernate:0.0.1 @ E:\DAC\Notes\WJP\Day_8\Practice\Day_8_maven_hibernate\pom.xml.
2025-05-23 11:34:46,630 [Worker-29: Updating Maven Project] INFO  o.e.m.j.i.AbstractJavaProjectConfigurator - Adding source folder /hibernate_template_project/src/main/java
2025-05-23 11:34:46,630 [Worker-29: Updating Maven Project] INFO  o.e.m.j.i.AbstractJavaProjectConfigurator - Adding resource folder /hibernate_template_project/src/main/resources
2025-05-23 11:34:46,630 [Worker-29: Updating Maven Project] INFO  o.e.m.j.i.AbstractJavaProjectConfigurator - Adding source folder /hibernate_template_project/src/test/java
2025-05-23 11:34:46,630 [Worker-29: Updating Maven Project] INFO  o.e.m.j.i.AbstractJavaProjectConfigurator - Adding resource folder /hibernate_template_project/src/test/resources
2025-05-23 11:34:46,752 [Worker-29: Updating Maven Project] INFO  o.e.m.c.i.p.ProjectConfigurationManager - Update completed for 1 poms: local refresh takes 0.00 sec, refresh facades takes 0.00 sec, update config takes 0.00 sec 
2025-05-23 11:34:46,873 [Worker-29: Building] WARN  o.a.m.s.f.DefaultMavenResourcesFiltering - Using platform encoding (UTF-8 actually) to copy filtered resources, i.e. build is platform dependent!
2025-05-23 11:34:46,874 [Worker-29: Building] INFO  o.a.m.s.f.DefaultMavenResourcesFiltering - Copying 1 resource from src\main\resources to target\classes
2025-05-23 11:34:46,880 [Worker-29: Building] WARN  o.a.m.s.f.DefaultMavenResourcesFiltering - Using platform encoding (UTF-8 actually) to copy filtered resources, i.e. build is platform dependent!
2025-05-23 11:34:46,880 [Worker-29: Building] INFO  o.a.m.s.f.DefaultMavenResourcesFiltering - Copying 0 resource from src\test\resources to target\test-classes
2025-05-23 11:36:52,417 [Worker-29: Building] WARN  o.a.m.s.f.DefaultMavenResourcesFiltering - Using platform encoding (UTF-8 actually) to copy filtered resources, i.e. build is platform dependent!
2025-05-23 11:36:52,418 [Worker-29: Building] INFO  o.a.m.s.f.DefaultMavenResourcesFiltering - Copying 1 resource from src\main\resources to target\classes
2025-05-23 11:36:52,421 [Worker-29: Building] WARN  o.a.m.s.f.DefaultMavenResourcesFiltering - Using platform encoding (UTF-8 actually) to copy filtered resources, i.e. build is platform dependent!
2025-05-23 11:36:52,422 [Worker-29: Building] INFO  o.a.m.s.f.DefaultMavenResourcesFiltering - Copying 0 resource from src\test\resources to target\test-classes
2025-05-23 11:50:14,712 [Worker-35: Building] WARN  o.a.m.s.f.DefaultMavenResourcesFiltering - Using platform encoding (UTF-8 actually) to copy filtered resources, i.e. build is platform dependent!
2025-05-23 11:50:14,715 [Worker-35: Building] INFO  o.a.m.s.f.DefaultMavenResourcesFiltering - Copying 1 resource from src\main\resources to target\classes
2025-05-23 11:50:14,717 [Worker-35: Building] WARN  o.a.m.s.f.DefaultMavenResourcesFiltering - Using platform encoding (UTF-8 actually) to copy filtered resources, i.e. build is platform dependent!
2025-05-23 11:50:14,718 [Worker-35: Building] INFO  o.a.m.s.f.DefaultMavenResourcesFiltering - Copying 0 resource from src\test\resources to target\test-classes
2025-05-23 14:06:50,242 [Worker-31: Building] WARN  o.a.m.s.f.DefaultMavenResourcesFiltering - Using platform encoding (UTF-8 actually) to copy filtered resources, i.e. build is platform dependent!
2025-05-23 14:06:50,245 [Worker-31: Building] INFO  o.a.m.s.f.DefaultMavenResourcesFiltering - Copying 1 resource from src\main\resources to target\classes
2025-05-23 14:06:50,249 [Worker-31: Building] WARN  o.a.m.s.f.DefaultMavenResourcesFiltering - Using platform encoding (UTF-8 actually) to copy filtered resources, i.e. build is platform dependent!
2025-05-23 14:06:50,251 [Worker-31: Building] INFO  o.a.m.s.f.DefaultMavenResourcesFiltering - Copying 0 resource from src\test\resources to target\test-classes
2025-05-23 14:53:20,212 [Worker-3: Loading available Gradle versions] INFO  o.e.b.c.i.u.g.PublishedGradleVersions - Gradle version information cache is up-to-date. Trying to read.
2025-05-23 20:06:32,304 [Worker-4: Loading available Gradle versions] INFO  o.e.b.c.i.u.g.PublishedGradleVersions - Gradle version information cache is up-to-date. Trying to read.
2025-05-23 20:16:29,292 [Worker-4: Building] WARN  o.a.m.s.f.DefaultMavenResourcesFiltering - Using platform encoding (UTF-8 actually) to copy filtered resources, i.e. build is platform dependent!
2025-05-23 20:16:29,300 [Worker-4: Building] INFO  o.a.m.s.f.DefaultMavenResourcesFiltering - Copying 1 resource from src\main\resources to target\classes
2025-05-23 20:16:29,310 [Worker-4: Building] WARN  o.a.m.s.f.DefaultMavenResourcesFiltering - Using platform encoding (UTF-8 actually) to copy filtered resources, i.e. build is platform dependent!
2025-05-23 20:16:29,311 [Worker-4: Building] INFO  o.a.m.s.f.DefaultMavenResourcesFiltering - Copying 0 resource from src\test\resources to target\test-classes
2025-05-23 20:18:29,759 [Worker-21: Building] WARN  o.a.m.s.f.DefaultMavenResourcesFiltering - Using platform encoding (UTF-8 actually) to copy filtered resources, i.e. build is platform dependent!
2025-05-23 20:18:29,760 [Worker-21: Building] INFO  o.a.m.s.f.DefaultMavenResourcesFiltering - Copying 1 resource from src\main\resources to target\classes
2025-05-23 20:18:29,764 [Worker-21: Building] WARN  o.a.m.s.f.DefaultMavenResourcesFiltering - Using platform encoding (UTF-8 actually) to copy filtered resources, i.e. build is platform dependent!
2025-05-23 20:18:29,765 [Worker-21: Building] INFO  o.a.m.s.f.DefaultMavenResourcesFiltering - Copying 0 resource from src\test\resources to target\test-classes
2025-05-23 20:21:50,112 [Worker-8: Building] WARN  o.a.m.s.f.DefaultMavenResourcesFiltering - Using platform encoding (UTF-8 actually) to copy filtered resources, i.e. build is platform dependent!
2025-05-23 20:21:50,114 [Worker-8: Building] INFO  o.a.m.s.f.DefaultMavenResourcesFiltering - Copying 1 resource from src\main\resources to target\classes
2025-05-23 20:21:50,116 [Worker-8: Building] WARN  o.a.m.s.f.DefaultMavenResourcesFiltering - Using platform encoding (UTF-8 actually) to copy filtered resources, i.e. build is platform dependent!
2025-05-23 20:21:50,117 [Worker-8: Building] INFO  o.a.m.s.f.DefaultMavenResourcesFiltering - Copying 0 resource from src\test\resources to target\test-classes
2025-05-23 20:23:07,144 [Worker-22: Building] WARN  o.a.m.s.f.DefaultMavenResourcesFiltering - Using platform encoding (UTF-8 actually) to copy filtered resources, i.e. build is platform dependent!
2025-05-23 20:23:07,146 [Worker-22: Building] INFO  o.a.m.s.f.DefaultMavenResourcesFiltering - Copying 1 resource from src\main\resources to target\classes
2025-05-23 20:23:07,149 [Worker-22: Building] WARN  o.a.m.s.f.DefaultMavenResourcesFiltering - Using platform encoding (UTF-8 actually) to copy filtered resources, i.e. build is platform dependent!
2025-05-23 20:23:07,150 [Worker-22: Building] INFO  o.a.m.s.f.DefaultMavenResourcesFiltering - Copying 0 resource from src\test\resources to target\test-classes
2025-05-23 20:25:40,103 [Worker-21: Updating Maven Project] INFO  o.e.m.c.i.p.ProjectConfigurationManager - Update started
2025-05-23 20:25:40,497 [Worker-21: Updating Maven Project] INFO  o.e.m.c.i.l.LifecycleMappingFactory - Using org.eclipse.m2e.jdt.JarLifecycleMapping lifecycle mapping for MavenProject: com.cdac:Day8_maven_hibernate:0.0.1 @ E:\DAC\Notes\WJP\Day_8\Practice\Day_8_maven_hibernate\pom.xml.
2025-05-23 20:25:40,649 [Worker-21: Updating Maven Project] INFO  o.e.m.c.i.l.LifecycleMappingFactory - Using org.eclipse.m2e.jdt.JarLifecycleMapping lifecycle mapping for MavenProject: com.cdac:hibernate_template_project:0.0.1 @ E:\DAC\Notes\WJP\template projects\hibernate_template_project\pom.xml.
2025-05-23 20:25:41,356 [Worker-21: Updating Maven Project] INFO  o.e.m.j.i.AbstractJavaProjectConfigurator - Adding source folder /Day_8_maven_hibernate/src/main/java
2025-05-23 20:25:41,358 [Worker-21: Updating Maven Project] INFO  o.e.m.j.i.AbstractJavaProjectConfigurator - Adding resource folder /Day_8_maven_hibernate/src/main/resources
2025-05-23 20:25:41,359 [Worker-21: Updating Maven Project] INFO  o.e.m.j.i.AbstractJavaProjectConfigurator - Adding source folder /Day_8_maven_hibernate/src/test/java
2025-05-23 20:25:41,360 [Worker-21: Updating Maven Project] INFO  o.e.m.j.i.AbstractJavaProjectConfigurator - Adding resource folder /Day_8_maven_hibernate/src/test/resources
2025-05-23 20:25:41,442 [Worker-21: Updating Maven Project] INFO  o.e.m.j.i.AbstractJavaProjectConfigurator - Adding source folder /hibernate_template_project/src/main/java
2025-05-23 20:25:41,442 [Worker-21: Updating Maven Project] INFO  o.e.m.j.i.AbstractJavaProjectConfigurator - Adding resource folder /hibernate_template_project/src/main/resources
2025-05-23 20:25:41,442 [Worker-21: Updating Maven Project] INFO  o.e.m.j.i.AbstractJavaProjectConfigurator - Adding source folder /hibernate_template_project/src/test/java
2025-05-23 20:25:41,443 [Worker-21: Updating Maven Project] INFO  o.e.m.j.i.AbstractJavaProjectConfigurator - Adding resource folder /hibernate_template_project/src/test/resources
2025-05-23 20:25:41,608 [Worker-21: Updating Maven Project] INFO  o.e.m.c.i.p.ProjectConfigurationManager - Update completed for 2 poms: local refresh takes 0.00 sec, refresh facades takes 1.00 sec, update config takes 0.00 sec 
2025-05-23 20:25:41,781 [Worker-21: Building] WARN  o.a.m.s.f.DefaultMavenResourcesFiltering - Using platform encoding (UTF-8 actually) to copy filtered resources, i.e. build is platform dependent!
2025-05-23 20:25:41,783 [Worker-21: Building] INFO  o.a.m.s.f.DefaultMavenResourcesFiltering - Copying 0 resource from src\main\resources to target\classes
2025-05-23 20:25:41,787 [Worker-21: Building] WARN  o.a.m.s.f.DefaultMavenResourcesFiltering - Using platform encoding (UTF-8 actually) to copy filtered resources, i.e. build is platform dependent!
2025-05-23 20:25:41,788 [Worker-21: Building] INFO  o.a.m.s.f.DefaultMavenResourcesFiltering - Copying 0 resource from src\test\resources to target\test-classes
2025-05-23 20:25:42,064 [Worker-21: Building] WARN  o.a.m.s.f.DefaultMavenResourcesFiltering - Using platform encoding (UTF-8 actually) to copy filtered resources, i.e. build is platform dependent!
2025-05-23 20:25:42,065 [Worker-21: Building] INFO  o.a.m.s.f.DefaultMavenResourcesFiltering - Copying 1 resource from src\main\resources to target\classes
2025-05-23 20:25:42,069 [Worker-21: Building] WARN  o.a.m.s.f.DefaultMavenResourcesFiltering - Using platform encoding (UTF-8 actually) to copy filtered resources, i.e. build is platform dependent!
2025-05-23 20:25:42,070 [Worker-21: Building] INFO  o.a.m.s.f.DefaultMavenResourcesFiltering - Copying 0 resource from src\test\resources to target\test-classes
2025-05-23 20:27:58,638 [Worker-22: Building Workspace] WARN  o.a.m.s.f.DefaultMavenResourcesFiltering - Using platform encoding (UTF-8 actually) to copy filtered resources, i.e. build is platform dependent!
2025-05-23 20:27:58,640 [Worker-22: Building Workspace] INFO  o.a.m.s.f.DefaultMavenResourcesFiltering - Copying 1 resource from src\main\resources to target\classes
2025-05-23 20:27:58,644 [Worker-22: Building Workspace] WARN  o.a.m.s.f.DefaultMavenResourcesFiltering - Using platform encoding (UTF-8 actually) to copy filtered resources, i.e. build is platform dependent!
2025-05-23 20:27:58,645 [Worker-22: Building Workspace] INFO  o.a.m.s.f.DefaultMavenResourcesFiltering - Copying 0 resource from src\test\resources to target\test-classes
2025-05-23 20:38:19,854 [Worker-27: Validation] WARN  o.a.m.s.f.DefaultMavenResourcesFiltering - Using platform encoding (UTF-8 actually) to copy filtered resources, i.e. build is platform dependent!
2025-05-23 20:38:19,855 [Worker-27: Validation] INFO  o.a.m.s.f.DefaultMavenResourcesFiltering - Copying 1 resource from src\main\resources to target\classes
2025-05-23 20:38:19,859 [Worker-27: Validation] WARN  o.a.m.s.f.DefaultMavenResourcesFiltering - Using platform encoding (UTF-8 actually) to copy filtered resources, i.e. build is platform dependent!
2025-05-23 20:38:19,860 [Worker-27: Validation] INFO  o.a.m.s.f.DefaultMavenResourcesFiltering - Copying 0 resource from src\test\resources to target\test-classes
2025-05-23 20:38:23,745 [Worker-27: Validation] WARN  o.a.m.s.f.DefaultMavenResourcesFiltering - Using platform encoding (UTF-8 actually) to copy filtered resources, i.e. build is platform dependent!
2025-05-23 20:38:23,747 [Worker-27: Validation] INFO  o.a.m.s.f.DefaultMavenResourcesFiltering - Copying 1 resource from src\main\resources to target\classes
2025-05-23 20:38:23,751 [Worker-27: Validation] WARN  o.a.m.s.f.DefaultMavenResourcesFiltering - Using platform encoding (UTF-8 actually) to copy filtered resources, i.e. build is platform dependent!
2025-05-23 20:38:23,752 [Worker-27: Validation] INFO  o.a.m.s.f.DefaultMavenResourcesFiltering - Copying 0 resource from src\test\resources to target\test-classes
2025-05-23 20:38:28,569 [Worker-28: Validation] WARN  o.a.m.s.f.DefaultMavenResourcesFiltering - Using platform encoding (UTF-8 actually) to copy filtered resources, i.e. build is platform dependent!
2025-05-23 20:38:28,570 [Worker-28: Validation] INFO  o.a.m.s.f.DefaultMavenResourcesFiltering - Copying 1 resource from src\main\resources to target\classes
2025-05-23 20:38:28,573 [Worker-28: Validation] WARN  o.a.m.s.f.DefaultMavenResourcesFiltering - Using platform encoding (UTF-8 actually) to copy filtered resources, i.e. build is platform dependent!
2025-05-23 20:38:28,574 [Worker-28: Validation] INFO  o.a.m.s.f.DefaultMavenResourcesFiltering - Copying 0 resource from src\test\resources to target\test-classes
2025-05-23 20:38:33,726 [Worker-27: Building] WARN  o.a.m.s.f.DefaultMavenResourcesFiltering - Using platform encoding (UTF-8 actually) to copy filtered resources, i.e. build is platform dependent!
2025-05-23 20:38:33,728 [Worker-27: Building] INFO  o.a.m.s.f.DefaultMavenResourcesFiltering - Copying 1 resource from src\main\resources to target\classes
2025-05-23 20:38:33,731 [Worker-27: Building] WARN  o.a.m.s.f.DefaultMavenResourcesFiltering - Using platform encoding (UTF-8 actually) to copy filtered resources, i.e. build is platform dependent!
2025-05-23 20:38:33,732 [Worker-27: Building] INFO  o.a.m.s.f.DefaultMavenResourcesFiltering - Copying 0 resource from src\test\resources to target\test-classes
2025-05-23 20:40:33,580 [Worker-2: Loading available Gradle versions] INFO  o.e.b.c.i.u.g.PublishedGradleVersions - Gradle version information cache is up-to-date. Trying to read.
2025-05-23 20:51:27,051 [Worker-18: Validation] WARN  o.a.m.s.f.DefaultMavenResourcesFiltering - Using platform encoding (UTF-8 actually) to copy filtered resources, i.e. build is platform dependent!
2025-05-23 20:51:27,054 [Worker-18: Validation] INFO  o.a.m.s.f.DefaultMavenResourcesFiltering - Copying 1 resource from src\main\resources to target\classes
2025-05-23 20:51:27,065 [Worker-18: Validation] WARN  o.a.m.s.f.DefaultMavenResourcesFiltering - Using platform encoding (UTF-8 actually) to copy filtered resources, i.e. build is platform dependent!
2025-05-23 20:51:27,066 [Worker-18: Validation] INFO  o.a.m.s.f.DefaultMavenResourcesFiltering - Copying 0 resource from src\test\resources to target\test-classes
2025-05-23 20:56:14,128 [Worker-19: Validation] WARN  o.a.m.s.f.DefaultMavenResourcesFiltering - Using platform encoding (UTF-8 actually) to copy filtered resources, i.e. build is platform dependent!
2025-05-23 20:56:14,130 [Worker-19: Validation] INFO  o.a.m.s.f.DefaultMavenResourcesFiltering - Copying 1 resource from src\main\resources to target\classes
2025-05-23 20:56:14,134 [Worker-19: Validation] WARN  o.a.m.s.f.DefaultMavenResourcesFiltering - Using platform encoding (UTF-8 actually) to copy filtered resources, i.e. build is platform dependent!
2025-05-23 20:56:14,136 [Worker-19: Validation] INFO  o.a.m.s.f.DefaultMavenResourcesFiltering - Copying 0 resource from src\test\resources to target\test-classes
2025-05-23 20:57:14,025 [Worker-22: Validation] WARN  o.a.m.s.f.DefaultMavenResourcesFiltering - Using platform encoding (UTF-8 actually) to copy filtered resources, i.e. build is platform dependent!
2025-05-23 20:57:14,026 [Worker-22: Validation] INFO  o.a.m.s.f.DefaultMavenResourcesFiltering - Copying 1 resource from src\main\resources to target\classes
2025-05-23 20:57:14,032 [Worker-22: Validation] WARN  o.a.m.s.f.DefaultMavenResourcesFiltering - Using platform encoding (UTF-8 actually) to copy filtered resources, i.e. build is platform dependent!
2025-05-23 20:57:14,034 [Worker-22: Validation] INFO  o.a.m.s.f.DefaultMavenResourcesFiltering - Copying 0 resource from src\test\resources to target\test-classes
2025-05-23 20:58:18,339 [Worker-21: Building] WARN  o.a.m.s.f.DefaultMavenResourcesFiltering - Using platform encoding (UTF-8 actually) to copy filtered resources, i.e. build is platform dependent!
2025-05-23 20:58:18,340 [Worker-21: Building] INFO  o.a.m.s.f.DefaultMavenResourcesFiltering - Copying 1 resource from src\main\resources to target\classes
2025-05-23 20:58:18,344 [Worker-21: Building] WARN  o.a.m.s.f.DefaultMavenResourcesFiltering - Using platform encoding (UTF-8 actually) to copy filtered resources, i.e. build is platform dependent!
2025-05-23 20:58:18,345 [Worker-21: Building] INFO  o.a.m.s.f.DefaultMavenResourcesFiltering - Copying 0 resource from src\test\resources to target\test-classes
2025-05-23 21:02:39,232 [Worker-18: Building] WARN  o.a.m.s.f.DefaultMavenResourcesFiltering - Using platform encoding (UTF-8 actually) to copy filtered resources, i.e. build is platform dependent!
2025-05-23 21:02:39,233 [Worker-18: Building] INFO  o.a.m.s.f.DefaultMavenResourcesFiltering - Copying 1 resource from src\main\resources to target\classes
2025-05-23 21:02:39,236 [Worker-18: Building] WARN  o.a.m.s.f.DefaultMavenResourcesFiltering - Using platform encoding (UTF-8 actually) to copy filtered resources, i.e. build is platform dependent!
2025-05-23 21:02:39,237 [Worker-18: Building] INFO  o.a.m.s.f.DefaultMavenResourcesFiltering - Copying 0 resource from src\test\resources to target\test-classes
2025-05-23 21:06:40,278 [Worker-27: Building] WARN  o.a.m.s.f.DefaultMavenResourcesFiltering - Using platform encoding (UTF-8 actually) to copy filtered resources, i.e. build is platform dependent!
2025-05-23 21:06:40,280 [Worker-27: Building] INFO  o.a.m.s.f.DefaultMavenResourcesFiltering - Copying 1 resource from src\main\resources to target\classes
2025-05-23 21:06:40,285 [Worker-27: Building] WARN  o.a.m.s.f.DefaultMavenResourcesFiltering - Using platform encoding (UTF-8 actually) to copy filtered resources, i.e. build is platform dependent!
2025-05-23 21:06:40,287 [Worker-27: Building] INFO  o.a.m.s.f.DefaultMavenResourcesFiltering - Copying 0 resource from src\test\resources to target\test-classes
2025-05-23 23:27:00,408 [Worker-7: Loading available Gradle versions] INFO  o.e.b.c.i.u.g.PublishedGradleVersions - Gradle version information cache is up-to-date. Trying to read.
2025-05-23 23:37:10,645 [Worker-5: Importing Maven projects] INFO  o.e.m.c.i.l.LifecycleMappingFactory - Using org.eclipse.m2e.jdt.JarLifecycleMapping lifecycle mapping for MavenProject: com.cdac:day8_hibernate:0.0.1 @ E:\DAC\Notes\WJP\Day_8\day8-data\code\day8_hibernate\pom.xml.
2025-05-23 23:37:11,028 [Worker-5: Importing Maven projects] INFO  o.e.m.j.i.AbstractJavaProjectConfigurator - Adding source folder /day8_hibernate/src/main/java
2025-05-23 23:37:11,030 [Worker-5: Importing Maven projects] INFO  o.e.m.j.i.AbstractJavaProjectConfigurator - Adding resource folder /day8_hibernate/src/main/resources
2025-05-23 23:37:11,031 [Worker-5: Importing Maven projects] INFO  o.e.m.j.i.AbstractJavaProjectConfigurator - Adding source folder /day8_hibernate/src/test/java
2025-05-23 23:37:11,032 [Worker-5: Importing Maven projects] INFO  o.e.m.j.i.AbstractJavaProjectConfigurator - Adding resource folder /day8_hibernate/src/test/resources
2025-05-23 23:37:11,187 [Worker-5: Importing Maven projects] INFO  o.e.m.c.i.p.ProjectConfigurationManager - Imported and configured 1 project(s) in 1 sec
2025-05-23 23:37:11,637 [Worker-5: Building] WARN  o.a.m.s.f.DefaultMavenResourcesFiltering - Using platform encoding (UTF-8 actually) to copy filtered resources, i.e. build is platform dependent!
2025-05-23 23:37:11,642 [Worker-5: Building] INFO  o.a.m.s.f.DefaultMavenResourcesFiltering - Copying 1 resource from src\main\resources to target\classes
2025-05-23 23:37:11,651 [Worker-5: Building] WARN  o.a.m.s.f.DefaultMavenResourcesFiltering - Using platform encoding (UTF-8 actually) to copy filtered resources, i.e. build is platform dependent!
2025-05-23 23:37:11,652 [Worker-5: Building] INFO  o.a.m.s.f.DefaultMavenResourcesFiltering - Copying 0 resource from src\test\resources to target\test-classes
2025-05-23 23:39:21,718 [Worker-5: Building] WARN  o.a.m.s.f.DefaultMavenResourcesFiltering - Using platform encoding (UTF-8 actually) to copy filtered resources, i.e. build is platform dependent!
2025-05-23 23:39:21,719 [Worker-5: Building] INFO  o.a.m.s.f.DefaultMavenResourcesFiltering - Copying 1 resource from src\main\resources to target\classes
2025-05-23 23:39:21,723 [Worker-5: Building] WARN  o.a.m.s.f.DefaultMavenResourcesFiltering - Using platform encoding (UTF-8 actually) to copy filtered resources, i.e. build is platform dependent!
2025-05-23 23:39:21,724 [Worker-5: Building] INFO  o.a.m.s.f.DefaultMavenResourcesFiltering - Copying 0 resource from src\test\resources to target\test-classes
2025-05-23 23:43:57,530 [Worker-20: Building] WARN  o.a.m.s.f.DefaultMavenResourcesFiltering - Using platform encoding (UTF-8 actually) to copy filtered resources, i.e. build is platform dependent!
2025-05-23 23:43:57,533 [Worker-20: Building] INFO  o.a.m.s.f.DefaultMavenResourcesFiltering - Copying 1 resource from src\main\resources to target\classes
2025-05-23 23:43:57,536 [Worker-20: Building] WARN  o.a.m.s.f.DefaultMavenResourcesFiltering - Using platform encoding (UTF-8 actually) to copy filtered resources, i.e. build is platform dependent!
2025-05-23 23:43:57,538 [Worker-20: Building] INFO  o.a.m.s.f.DefaultMavenResourcesFiltering - Copying 0 resource from src\test\resources to target\test-classes
2025-05-23 23:44:38,064 [Worker-17: Building] WARN  o.a.m.s.f.DefaultMavenResourcesFiltering - Using platform encoding (UTF-8 actually) to copy filtered resources, i.e. build is platform dependent!
2025-05-23 23:44:38,066 [Worker-17: Building] INFO  o.a.m.s.f.DefaultMavenResourcesFiltering - Copying 1 resource from src\main\resources to target\classes
2025-05-23 23:44:38,069 [Worker-17: Building] WARN  o.a.m.s.f.DefaultMavenResourcesFiltering - Using platform encoding (UTF-8 actually) to copy filtered resources, i.e. build is platform dependent!
2025-05-23 23:44:38,070 [Worker-17: Building] INFO  o.a.m.s.f.DefaultMavenResourcesFiltering - Copying 0 resource from src\test\resources to target\test-classes
2025-05-23 23:52:33,413 [Worker-19: Building] WARN  o.a.m.s.f.DefaultMavenResourcesFiltering - Using platform encoding (UTF-8 actually) to copy filtered resources, i.e. build is platform dependent!
2025-05-23 23:52:33,414 [Worker-19: Building] INFO  o.a.m.s.f.DefaultMavenResourcesFiltering - Copying 1 resource from src\main\resources to target\classes
2025-05-23 23:52:33,419 [Worker-19: Building] WARN  o.a.m.s.f.DefaultMavenResourcesFiltering - Using platform encoding (UTF-8 actually) to copy filtered resources, i.e. build is platform dependent!
2025-05-23 23:52:33,420 [Worker-19: Building] INFO  o.a.m.s.f.DefaultMavenResourcesFiltering - Copying 0 resource from src\test\resources to target\test-classes
2025-05-23 23:54:09,101 [Worker-23: Building] WARN  o.a.m.s.f.DefaultMavenResourcesFiltering - Using platform encoding (UTF-8 actually) to copy filtered resources, i.e. build is platform dependent!
2025-05-23 23:54:09,103 [Worker-23: Building] INFO  o.a.m.s.f.DefaultMavenResourcesFiltering - Copying 1 resource from src\main\resources to target\classes
2025-05-23 23:54:09,105 [Worker-23: Building] WARN  o.a.m.s.f.DefaultMavenResourcesFiltering - Using platform encoding (UTF-8 actually) to copy filtered resources, i.e. build is platform dependent!
2025-05-23 23:54:09,107 [Worker-23: Building] INFO  o.a.m.s.f.DefaultMavenResourcesFiltering - Copying 0 resource from src\test\resources to target\test-classes
2025-05-23 23:54:13,539 [Worker-21: Building] WARN  o.a.m.s.f.DefaultMavenResourcesFiltering - Using platform encoding (UTF-8 actually) to copy filtered resources, i.e. build is platform dependent!
2025-05-23 23:54:13,540 [Worker-21: Building] INFO  o.a.m.s.f.DefaultMavenResourcesFiltering - Copying 1 resource from src\main\resources to target\classes
2025-05-23 23:54:13,541 [Worker-21: Building] WARN  o.a.m.s.f.DefaultMavenResourcesFiltering - Using platform encoding (UTF-8 actually) to copy filtered resources, i.e. build is platform dependent!
2025-05-23 23:54:13,542 [Worker-21: Building] INFO  o.a.m.s.f.DefaultMavenResourcesFiltering - Copying 0 resource from src\test\resources to target\test-classes
2025-05-24 00:01:26,008 [Worker-29: Building] WARN  o.a.m.s.f.DefaultMavenResourcesFiltering - Using platform encoding (UTF-8 actually) to copy filtered resources, i.e. build is platform dependent!
2025-05-24 00:01:26,010 [Worker-29: Building] INFO  o.a.m.s.f.DefaultMavenResourcesFiltering - Copying 1 resource from src\main\resources to target\classes
2025-05-24 00:01:26,013 [Worker-29: Building] WARN  o.a.m.s.f.DefaultMavenResourcesFiltering - Using platform encoding (UTF-8 actually) to copy filtered resources, i.e. build is platform dependent!
2025-05-24 00:01:26,014 [Worker-29: Building] INFO  o.a.m.s.f.DefaultMavenResourcesFiltering - Copying 0 resource from src\test\resources to target\test-classes
2025-05-24 00:01:40,053 [Worker-28: Building] WARN  o.a.m.s.f.DefaultMavenResourcesFiltering - Using platform encoding (UTF-8 actually) to copy filtered resources, i.e. build is platform dependent!
2025-05-24 00:01:40,054 [Worker-28: Building] INFO  o.a.m.s.f.DefaultMavenResourcesFiltering - Copying 1 resource from src\main\resources to target\classes
2025-05-24 00:01:40,056 [Worker-28: Building] WARN  o.a.m.s.f.DefaultMavenResourcesFiltering - Using platform encoding (UTF-8 actually) to copy filtered resources, i.e. build is platform dependent!
2025-05-24 00:01:40,057 [Worker-28: Building] INFO  o.a.m.s.f.DefaultMavenResourcesFiltering - Copying 0 resource from src\test\resources to target\test-classes
2025-05-24 00:16:41,852 [Worker-38: Building] WARN  o.a.m.s.f.DefaultMavenResourcesFiltering - Using platform encoding (UTF-8 actually) to copy filtered resources, i.e. build is platform dependent!
2025-05-24 00:16:41,853 [Worker-38: Building] INFO  o.a.m.s.f.DefaultMavenResourcesFiltering - Copying 1 resource from src\main\resources to target\classes
2025-05-24 00:16:41,856 [Worker-38: Building] WARN  o.a.m.s.f.DefaultMavenResourcesFiltering - Using platform encoding (UTF-8 actually) to copy filtered resources, i.e. build is platform dependent!
2025-05-24 00:16:41,856 [Worker-38: Building] INFO  o.a.m.s.f.DefaultMavenResourcesFiltering - Copying 0 resource from src\test\resources to target\test-classes
2025-05-24 00:22:54,731 [Worker-43: Building] WARN  o.a.m.s.f.DefaultMavenResourcesFiltering - Using platform encoding (UTF-8 actually) to copy filtered resources, i.e. build is platform dependent!
2025-05-24 00:22:54,732 [Worker-43: Building] INFO  o.a.m.s.f.DefaultMavenResourcesFiltering - Copying 1 resource from src\main\resources to target\classes
2025-05-24 00:22:54,734 [Worker-43: Building] WARN  o.a.m.s.f.DefaultMavenResourcesFiltering - Using platform encoding (UTF-8 actually) to copy filtered resources, i.e. build is platform dependent!
2025-05-24 00:22:54,735 [Worker-43: Building] INFO  o.a.m.s.f.DefaultMavenResourcesFiltering - Copying 0 resource from src\test\resources to target\test-classes
2025-05-24 00:23:20,429 [Worker-44: Building] WARN  o.a.m.s.f.DefaultMavenResourcesFiltering - Using platform encoding (UTF-8 actually) to copy filtered resources, i.e. build is platform dependent!
2025-05-24 00:23:20,430 [Worker-44: Building] INFO  o.a.m.s.f.DefaultMavenResourcesFiltering - Copying 1 resource from src\main\resources to target\classes
2025-05-24 00:23:20,432 [Worker-44: Building] WARN  o.a.m.s.f.DefaultMavenResourcesFiltering - Using platform encoding (UTF-8 actually) to copy filtered resources, i.e. build is platform dependent!
2025-05-24 00:23:20,433 [Worker-44: Building] INFO  o.a.m.s.f.DefaultMavenResourcesFiltering - Copying 0 resource from src\test\resources to target\test-classes
2025-05-24 00:24:51,767 [Worker-39: Building] WARN  o.a.m.s.f.DefaultMavenResourcesFiltering - Using platform encoding (UTF-8 actually) to copy filtered resources, i.e. build is platform dependent!
2025-05-24 00:24:51,768 [Worker-39: Building] INFO  o.a.m.s.f.DefaultMavenResourcesFiltering - Copying 1 resource from src\main\resources to target\classes
2025-05-24 00:24:51,770 [Worker-39: Building] WARN  o.a.m.s.f.DefaultMavenResourcesFiltering - Using platform encoding (UTF-8 actually) to copy filtered resources, i.e. build is platform dependent!
2025-05-24 00:24:51,772 [Worker-39: Building] INFO  o.a.m.s.f.DefaultMavenResourcesFiltering - Copying 0 resource from src\test\resources to target\test-classes
2025-05-24 00:43:07,763 [Worker-49: Building Workspace] WARN  o.a.m.s.f.DefaultMavenResourcesFiltering - Using platform encoding (UTF-8 actually) to copy filtered resources, i.e. build is platform dependent!
2025-05-24 00:43:07,765 [Worker-49: Building Workspace] INFO  o.a.m.s.f.DefaultMavenResourcesFiltering - Copying 1 resource from src\main\resources to target\classes
2025-05-24 00:43:07,767 [Worker-49: Building Workspace] WARN  o.a.m.s.f.DefaultMavenResourcesFiltering - Using platform encoding (UTF-8 actually) to copy filtered resources, i.e. build is platform dependent!
2025-05-24 00:43:07,768 [Worker-49: Building Workspace] INFO  o.a.m.s.f.DefaultMavenResourcesFiltering - Copying 0 resource from src\test\resources to target\test-classes
2025-05-24 00:44:49,112 [Worker-49: Building] WARN  o.a.m.s.f.DefaultMavenResourcesFiltering - Using platform encoding (UTF-8 actually) to copy filtered resources, i.e. build is platform dependent!
2025-05-24 00:44:49,113 [Worker-49: Building] INFO  o.a.m.s.f.DefaultMavenResourcesFiltering - Copying 1 resource from src\main\resources to target\classes
2025-05-24 00:44:49,115 [Worker-49: Building] WARN  o.a.m.s.f.DefaultMavenResourcesFiltering - Using platform encoding (UTF-8 actually) to copy filtered resources, i.e. build is platform dependent!
2025-05-24 00:44:49,115 [Worker-49: Building] INFO  o.a.m.s.f.DefaultMavenResourcesFiltering - Copying 0 resource from src\test\resources to target\test-classes
